<?xml version="1.0" encoding="UTF-8"?>
<robot generator="Robot 7.1 (Python 3.14.4 on win32)" generated="2026-05-27T03:52:24.427695" rpa="false" schemaversion="5">
<suite id="s1" name="TC INT" source="C:\Users\cipap\Documents\GitHub\Alerto\QA-Test\Roboframework\tests\TC_INT.robot">
<kw name="Setup Suite INT" type="SETUP">
<kw name="Log" owner="BuiltIn">
<msg time="2026-05-27T03:52:24.557600" level="INFO">=== Iniciando Suite INT ===</msg>
<arg>=== Iniciando Suite INT ===</arg>
<arg>level=INFO</arg>
<doc>Logs the given message with the given level.</doc>
<status status="PASS" start="2026-05-27T03:52:24.557444" elapsed="0.000208"/>
</kw>
<kw name="Create API Session" owner="api_keywords">
<kw name="Create Session" owner="RequestsLibrary">
<msg time="2026-05-27T03:52:24.558259" level="INFO">Creating Session using : alias=api, url=http://localhost:8000, headers={},                     cookies={}, auth=None, timeout=None, proxies=None, verify=False,                     debug=0 </msg>
<arg>api</arg>
<arg>${API_URL}</arg>
<arg>verify=False</arg>
<arg>disable_warnings=True</arg>
<doc>Create Session: create a HTTP session to a server</doc>
<status status="PASS" start="2026-05-27T03:52:24.557980" elapsed="0.000495"/>
</kw>
<doc>Crea sesión HTTP apuntando a la API de Alerto</doc>
<status status="PASS" start="2026-05-27T03:52:24.557794" elapsed="0.000743"/>
</kw>
<kw name="Get Admin Token" owner="api_keywords">
<kw name="Create API Session" owner="api_keywords">
<kw name="Create Session" owner="RequestsLibrary">
<msg time="2026-05-27T03:52:24.558973" level="INFO">Creating Session using : alias=api, url=http://localhost:8000, headers={},                     cookies={}, auth=None, timeout=None, proxies=None, verify=False,                     debug=0 </msg>
<arg>api</arg>
<arg>${API_URL}</arg>
<arg>verify=False</arg>
<arg>disable_warnings=True</arg>
<doc>Create Session: create a HTTP session to a server</doc>
<status status="PASS" start="2026-05-27T03:52:24.558845" elapsed="0.000217"/>
</kw>
<doc>Crea sesión HTTP apuntando a la API de Alerto</doc>
<status status="PASS" start="2026-05-27T03:52:24.558761" elapsed="0.000342"/>
</kw>
<kw name="Create Dictionary" owner="BuiltIn">
<msg time="2026-05-27T03:52:24.559406" level="INFO">&amp;{body} = { email=admin@alerto.com | password=alerto123** }</msg>
<var>&amp;{body}</var>
<arg>email=${ADMIN_EMAIL}</arg>
<arg>password=${ADMIN_PASS}</arg>
<doc>Creates and returns a dictionary based on the given ``items``.</doc>
<status status="PASS" start="2026-05-27T03:52:24.559168" elapsed="0.000253"/>
</kw>
<kw name="POST On Session" owner="RequestsLibrary">
<msg time="2026-05-27T03:52:24.767857" level="INFO">POST Request : url=http://localhost:8000/api/auth/login 
 path_url=/api/auth/login 
 headers={'User-Agent': 'python-requests/2.34.2', 'Accept-Encoding': 'gzip, deflate, zstd', 'Accept': '*/*', 'Connection': 'keep-alive', 'Content-Length': '56', 'Content-Type': 'application/json'} 
 body=b'{"email": "admin@alerto.com", "password": "alerto123**"}' 
 </msg>
<msg time="2026-05-27T03:52:24.767933" level="INFO">POST Response : url=http://localhost:8000/api/auth/login 
 status=200, reason=OK 
 headers={'date': 'Wed, 27 May 2026 08:52:23 GMT', 'server': 'uvicorn', 'content-length': '210', 'content-type': 'application/json'} 
 body={"access_token":"eyJhbGciOiJIUzI1NiIsInR5cCI6IkpXVCJ9.eyJzdWIiOiJhZG1pbkBhbGVydG8uY29tIiwibmFtZSI6IkFkbWluaXN0cmFkb3IiLCJleHAiOjE3Nzk5NTgzNDR9.U_QOhBTGbJTlqRQ_PbXXT5dMr04Zkx1ng4fGqs1WK94","token_type":"bearer"} 
 </msg>
<msg time="2026-05-27T03:52:24.768022" level="INFO">${resp} = &lt;Response [200]&gt;</msg>
<var>${resp}</var>
<arg>api</arg>
<arg>/api/auth/login</arg>
<arg>json=${body}</arg>
<doc>Sends a POST request on a previously created HTTP Session.</doc>
<status status="PASS" start="2026-05-27T03:52:24.559485" elapsed="0.208552"/>
</kw>
<kw name="Status Should Be" owner="RequestsLibrary">
<arg>200</arg>
<arg>${resp}</arg>
<doc>Fails if response status code is different than the expected.</doc>
<status status="PASS" start="2026-05-27T03:52:24.768149" elapsed="0.000138"/>
</kw>
<kw name="Get From Dictionary" owner="Collections">
<msg time="2026-05-27T03:52:24.768666" level="INFO">${token} = eyJhbGciOiJIUzI1NiIsInR5cCI6IkpXVCJ9.eyJzdWIiOiJhZG1pbkBhbGVydG8uY29tIiwibmFtZSI6IkFkbWluaXN0cmFkb3IiLCJleHAiOjE3Nzk5NTgzNDR9.U_QOhBTGbJTlqRQ_PbXXT5dMr04Zkx1ng4fGqs1WK94</msg>
<var>${token}</var>
<arg>${resp.json()}</arg>
<arg>access_token</arg>
<doc>Returns a value from the given ``dictionary`` based on the given ``key``.</doc>
<status status="PASS" start="2026-05-27T03:52:24.768344" elapsed="0.000335"/>
</kw>
<return>
<value>${token}</value>
<status status="PASS" start="2026-05-27T03:52:24.768712" elapsed="0.000032"/>
</return>
<msg time="2026-05-27T03:52:24.768818" level="INFO">${token} = eyJhbGciOiJIUzI1NiIsInR5cCI6IkpXVCJ9.eyJzdWIiOiJhZG1pbkBhbGVydG8uY29tIiwibmFtZSI6IkFkbWluaXN0cmFkb3IiLCJleHAiOjE3Nzk5NTgzNDR9.U_QOhBTGbJTlqRQ_PbXXT5dMr04Zkx1ng4fGqs1WK94</msg>
<var>${token}</var>
<doc>Inicia sesión como administrador y retorna el token JWT</doc>
<status status="PASS" start="2026-05-27T03:52:24.558658" elapsed="0.210173"/>
</kw>
<kw name="Set Suite Variable" owner="BuiltIn">
<msg time="2026-05-27T03:52:24.769011" level="INFO">${SUITE_TOKEN} = eyJhbGciOiJIUzI1NiIsInR5cCI6IkpXVCJ9.eyJzdWIiOiJhZG1pbkBhbGVydG8uY29tIiwibmFtZSI6IkFkbWluaXN0cmFkb3IiLCJleHAiOjE3Nzk5NTgzNDR9.U_QOhBTGbJTlqRQ_PbXXT5dMr04Zkx1ng4fGqs1WK94</msg>
<arg>${SUITE_TOKEN}</arg>
<arg>${token}</arg>
<doc>Makes a variable available everywhere within the scope of the current suite.</doc>
<status status="PASS" start="2026-05-27T03:52:24.768904" elapsed="0.000125"/>
</kw>
<status status="PASS" start="2026-05-27T03:52:24.556999" elapsed="0.212056"/>
</kw>
<test id="s1-t1" name="TC-INT-001 Integración con Open-Meteo usa HTTPS y coordenadas correctas" line="16">
<kw name="GET Authenticated" owner="api_keywords">
<kw name="Create Dictionary" owner="BuiltIn">
<msg time="2026-05-27T03:52:24.773490" level="INFO">&amp;{headers} = { Authorization=Bearer eyJhbGciOiJIUzI1NiIsInR5cCI6IkpXVCJ9.eyJzdWIiOiJhZG1pbkBhbGVydG8uY29tIiwibmFtZSI6IkFkbWluaXN0cmFkb3IiLCJleHAiOjE3Nzk5NTgzNDR9.U_QOhBTGbJTlqRQ_PbXXT5dMr04Zkx1ng4fGqs1WK94 }</msg>
<var>&amp;{headers}</var>
<arg>Authorization=Bearer ${token}</arg>
<doc>Creates and returns a dictionary based on the given ``items``.</doc>
<status status="PASS" start="2026-05-27T03:52:24.769576" elapsed="0.003934"/>
</kw>
<if>
<branch type="IF" condition="$params is None">
<kw name="GET On Session" owner="RequestsLibrary">
<msg time="2026-05-27T03:52:24.820637" level="INFO">GET Request : url=http://localhost:8000/api/precipitation/current 
 path_url=/api/precipitation/current 
 headers={'User-Agent': 'python-requests/2.34.2', 'Accept-Encoding': 'gzip, deflate, zstd', 'Accept': '*/*', 'Connection': 'keep-alive', 'Authorization': 'Bearer eyJhbGciOiJIUzI1NiIsInR5cCI6IkpXVCJ9.eyJzdWIiOiJhZG1pbkBhbGVydG8uY29tIiwibmFtZSI6IkFkbWluaXN0cmFkb3IiLCJleHAiOjE3Nzk5NTgzNDR9.U_QOhBTGbJTlqRQ_PbXXT5dMr04Zkx1ng4fGqs1WK94'} 
 body=None 
 </msg>
<msg time="2026-05-27T03:52:24.820701" level="INFO">GET Response : url=http://localhost:8000/api/precipitation/current 
 status=200, reason=OK 
 headers={'date': 'Wed, 27 May 2026 08:52:24 GMT', 'server': 'uvicorn', 'content-length': '156', 'content-type': 'application/json'} 
 body={"precipitation_1h":0.0,"precipitation_3h":0.0,"precipitation_6h":0.2,"humidity_avg_6h":93.67,"trend_1h":"estable","as_of_time":"2026-06-01T23:00:00+00:00"} 
 </msg>
<msg time="2026-05-27T03:52:24.820803" level="INFO">${resp} = &lt;Response [200]&gt;</msg>
<var>${resp}</var>
<arg>api</arg>
<arg>${endpoint}</arg>
<arg>headers=${headers}</arg>
<arg>expected_status=any</arg>
<doc>Sends a GET request on a previously created HTTP Session.</doc>
<status status="PASS" start="2026-05-27T03:52:24.773721" elapsed="0.047096"/>
</kw>
<status status="PASS" start="2026-05-27T03:52:24.773576" elapsed="0.047280"/>
</branch>
<branch type="ELSE">
<kw name="GET On Session" owner="RequestsLibrary">
<var>${resp}</var>
<arg>api</arg>
<arg>${endpoint}</arg>
<arg>headers=${headers}</arg>
<arg>params=${params}</arg>
<arg>expected_status=any</arg>
<doc>Sends a GET request on a previously created HTTP Session.</doc>
<status status="NOT RUN" start="2026-05-27T03:52:24.821002" elapsed="0.000014"/>
</kw>
<status status="NOT RUN" start="2026-05-27T03:52:24.820891" elapsed="0.000171"/>
</branch>
<status status="PASS" start="2026-05-27T03:52:24.773558" elapsed="0.047519"/>
</if>
<return>
<value>${resp}</value>
<status status="PASS" start="2026-05-27T03:52:24.821105" elapsed="0.000031"/>
</return>
<msg time="2026-05-27T03:52:24.821219" level="INFO">${resp} = &lt;Response [200]&gt;</msg>
<var>${resp}</var>
<arg>/api/precipitation/current</arg>
<arg>${SUITE_TOKEN}</arg>
<doc>Ejecuta GET con Bearer token, retorna response</doc>
<status status="PASS" start="2026-05-27T03:52:24.769411" elapsed="0.051819"/>
</kw>
<kw name="Response Should Have Status" owner="api_keywords">
<kw name="Convert To Integer" owner="BuiltIn">
<msg time="2026-05-27T03:52:24.821582" level="INFO">${status} = 200</msg>
<var>${status}</var>
<arg>${expected_status}</arg>
<doc>Converts the given item to an integer number.</doc>
<status status="PASS" start="2026-05-27T03:52:24.821486" elapsed="0.000107"/>
</kw>
<kw name="Should Be Equal As Integers" owner="BuiltIn">
<arg>${resp.status_code}</arg>
<arg>${status}</arg>
<arg>msg=Esperaba HTTP ${expected_status}, recibió ${resp.status_code}. Body: ${resp.text}</arg>
<doc>Fails if objects are unequal after converting them to integers.</doc>
<status status="PASS" start="2026-05-27T03:52:24.821642" elapsed="0.000664"/>
</kw>
<arg>${resp}</arg>
<arg>200</arg>
<status status="PASS" start="2026-05-27T03:52:24.821327" elapsed="0.001012"/>
</kw>
<kw name="Set Variable" owner="BuiltIn">
<msg time="2026-05-27T03:52:24.822635" level="INFO">${data} = {'precipitation_1h': 0.0, 'precipitation_3h': 0.0, 'precipitation_6h': 0.2, 'humidity_avg_6h': 93.67, 'trend_1h': 'estable', 'as_of_time': '2026-06-01T23:00:00+00:00'}</msg>
<var>${data}</var>
<arg>${resp.json()}</arg>
<doc>Returns the given values which can then be assigned to a variables.</doc>
<status status="PASS" start="2026-05-27T03:52:24.822390" elapsed="0.000257"/>
</kw>
<kw name="Create List" owner="BuiltIn">
<msg time="2026-05-27T03:52:24.822761" level="INFO">@{expected_fields} = [ precipitation_1h | precipitation_3h | humidity_avg_6h ]</msg>
<var>@{expected_fields}</var>
<arg>precipitation_1h</arg>
<arg>precipitation_3h</arg>
<arg>humidity_avg_6h</arg>
<doc>Returns a list containing given items.</doc>
<status status="PASS" start="2026-05-27T03:52:24.822697" elapsed="0.000073"/>
</kw>
<for flavor="IN">
<iter>
<kw name="Dictionary Should Contain Key" owner="Collections">
<arg>${data}</arg>
<arg>${field}</arg>
<doc>Fails if ``key`` is not found from ``dictionary``.</doc>
<status status="PASS" start="2026-05-27T03:52:24.822931" elapsed="0.000073"/>
</kw>
<kw name="Get From Dictionary" owner="Collections">
<msg time="2026-05-27T03:52:24.823119" level="INFO">${value} = 0.0</msg>
<var>${value}</var>
<arg>${data}</arg>
<arg>${field}</arg>
<doc>Returns a value from the given ``dictionary`` based on the given ``key``.</doc>
<status status="PASS" start="2026-05-27T03:52:24.823051" elapsed="0.000077"/>
</kw>
<kw name="Should Not Be Equal" owner="BuiltIn">
<msg time="2026-05-27T03:52:24.823254" level="INFO">Argument types are:
&lt;class 'float'&gt;
&lt;class 'NoneType'&gt;</msg>
<arg>${value}</arg>
<arg>${None}</arg>
<arg>msg=Campo '${field}' es null (extracción Open-Meteo fallida?)</arg>
<doc>Fails if the given objects are equal.</doc>
<status status="PASS" start="2026-05-27T03:52:24.823169" elapsed="0.000107"/>
</kw>
<var name="${field}">precipitation_1h</var>
<status status="PASS" start="2026-05-27T03:52:24.822889" elapsed="0.000403"/>
</iter>
<iter>
<kw name="Dictionary Should Contain Key" owner="Collections">
<arg>${data}</arg>
<arg>${field}</arg>
<doc>Fails if ``key`` is not found from ``dictionary``.</doc>
<status status="PASS" start="2026-05-27T03:52:24.823371" elapsed="0.000062"/>
</kw>
<kw name="Get From Dictionary" owner="Collections">
<msg time="2026-05-27T03:52:24.823544" level="INFO">${value} = 0.0</msg>
<var>${value}</var>
<arg>${data}</arg>
<arg>${field}</arg>
<doc>Returns a value from the given ``dictionary`` based on the given ``key``.</doc>
<status status="PASS" start="2026-05-27T03:52:24.823475" elapsed="0.000078"/>
</kw>
<kw name="Should Not Be Equal" owner="BuiltIn">
<msg time="2026-05-27T03:52:24.823675" level="INFO">Argument types are:
&lt;class 'float'&gt;
&lt;class 'NoneType'&gt;</msg>
<arg>${value}</arg>
<arg>${None}</arg>
<arg>msg=Campo '${field}' es null (extracción Open-Meteo fallida?)</arg>
<doc>Fails if the given objects are equal.</doc>
<status status="PASS" start="2026-05-27T03:52:24.823594" elapsed="0.000100"/>
</kw>
<var name="${field}">precipitation_3h</var>
<status status="PASS" start="2026-05-27T03:52:24.823338" elapsed="0.000384"/>
</iter>
<iter>
<kw name="Dictionary Should Contain Key" owner="Collections">
<arg>${data}</arg>
<arg>${field}</arg>
<doc>Fails if ``key`` is not found from ``dictionary``.</doc>
<status status="PASS" start="2026-05-27T03:52:24.823796" elapsed="0.000058"/>
</kw>
<kw name="Get From Dictionary" owner="Collections">
<msg time="2026-05-27T03:52:24.823958" level="INFO">${value} = 93.67</msg>
<var>${value}</var>
<arg>${data}</arg>
<arg>${field}</arg>
<doc>Returns a value from the given ``dictionary`` based on the given ``key``.</doc>
<status status="PASS" start="2026-05-27T03:52:24.823894" elapsed="0.000073"/>
</kw>
<kw name="Should Not Be Equal" owner="BuiltIn">
<msg time="2026-05-27T03:52:24.824086" level="INFO">Argument types are:
&lt;class 'float'&gt;
&lt;class 'NoneType'&gt;</msg>
<arg>${value}</arg>
<arg>${None}</arg>
<arg>msg=Campo '${field}' es null (extracción Open-Meteo fallida?)</arg>
<doc>Fails if the given objects are equal.</doc>
<status status="PASS" start="2026-05-27T03:52:24.824007" elapsed="0.000182"/>
</kw>
<var name="${field}">humidity_avg_6h</var>
<status status="PASS" start="2026-05-27T03:52:24.823765" elapsed="0.000446"/>
</iter>
<var>${field}</var>
<value>@{expected_fields}</value>
<status status="PASS" start="2026-05-27T03:52:24.822810" elapsed="0.001452"/>
</for>
<kw name="Evaluate" owner="BuiltIn">
<msg time="2026-05-27T03:52:24.824675" level="INFO">${p1h} = 0.0</msg>
<var>${p1h}</var>
<arg>float(${data['precipitation_1h']})</arg>
<doc>Evaluates the given expression in Python and returns the result.</doc>
<status status="PASS" start="2026-05-27T03:52:24.824359" elapsed="0.000329"/>
</kw>
<kw name="Evaluate" owner="BuiltIn">
<msg time="2026-05-27T03:52:24.824972" level="INFO">${hum} = 93.67</msg>
<var>${hum}</var>
<arg>float(${data['humidity_avg_6h']})</arg>
<doc>Evaluates the given expression in Python and returns the result.</doc>
<status status="PASS" start="2026-05-27T03:52:24.824738" elapsed="0.000246"/>
</kw>
<kw name="Should Be True" owner="BuiltIn">
<arg>0 &lt;= ${p1h} &lt;= 200</arg>
<arg>msg=precipitation_1h fuera de rango real: ${p1h}mm</arg>
<doc>Fails if the given condition is not true.</doc>
<status status="PASS" start="2026-05-27T03:52:24.825037" elapsed="0.000132"/>
</kw>
<kw name="Should Be True" owner="BuiltIn">
<arg>0 &lt;= ${hum} &lt;= 100</arg>
<arg>msg=humidity_avg_6h fuera de rango real: ${hum}%</arg>
<doc>Fails if the given condition is not true.</doc>
<status status="PASS" start="2026-05-27T03:52:24.825222" elapsed="0.000120"/>
</kw>
<kw name="Log" owner="BuiltIn">
<msg time="2026-05-27T03:52:24.825635" level="INFO">✓ Open-Meteo → datos actuales: p1h=0.0mm, hum=93.67%</msg>
<arg>✓ Open-Meteo → datos actuales: p1h=${p1h}mm, hum=${hum}%</arg>
<arg>level=INFO</arg>
<doc>Logs the given message with the given level.</doc>
<status status="PASS" start="2026-05-27T03:52:24.825429" elapsed="0.000235"/>
</kw>
<doc>RF-001 — El pipeline extrae datos vía HTTPS de Open-Meteo para Medellín</doc>
<tag>Alta</tag>
<tag>INT</tag>
<tag>Integración</tag>
<tag>TC-INT-001</tag>
<status status="PASS" start="2026-05-27T03:52:24.769108" elapsed="0.056664"/>
</test>
<test id="s1-t2" name="TC-INT-002 Pipeline almacena datos históricos en PostgreSQL correctamente" line="40">
<kw name="GET Authenticated" owner="api_keywords">
<kw name="Create Dictionary" owner="BuiltIn">
<msg time="2026-05-27T03:52:24.826490" level="INFO">&amp;{headers} = { Authorization=Bearer eyJhbGciOiJIUzI1NiIsInR5cCI6IkpXVCJ9.eyJzdWIiOiJhZG1pbkBhbGVydG8uY29tIiwibmFtZSI6IkFkbWluaXN0cmFkb3IiLCJleHAiOjE3Nzk5NTgzNDR9.U_QOhBTGbJTlqRQ_PbXXT5dMr04Zkx1ng4fGqs1WK94 }</msg>
<var>&amp;{headers}</var>
<arg>Authorization=Bearer ${token}</arg>
<doc>Creates and returns a dictionary based on the given ``items``.</doc>
<status status="PASS" start="2026-05-27T03:52:24.826376" elapsed="0.000127"/>
</kw>
<if>
<branch type="IF" condition="$params is None">
<kw name="GET On Session" owner="RequestsLibrary">
<var>${resp}</var>
<arg>api</arg>
<arg>${endpoint}</arg>
<arg>headers=${headers}</arg>
<arg>expected_status=any</arg>
<doc>Sends a GET request on a previously created HTTP Session.</doc>
<status status="NOT RUN" start="2026-05-27T03:52:24.826659" elapsed="0.000009"/>
</kw>
<status status="NOT RUN" start="2026-05-27T03:52:24.826545" elapsed="0.000143"/>
</branch>
<branch type="ELSE">
<kw name="GET On Session" owner="RequestsLibrary">
<msg time="2026-05-27T03:52:24.830838" level="INFO">GET Request : url=http://localhost:8000/api/precipitation/history?limit=24 
 path_url=/api/precipitation/history?limit=24 
 headers={'User-Agent': 'python-requests/2.34.2', 'Accept-Encoding': 'gzip, deflate, zstd', 'Accept': '*/*', 'Connection': 'keep-alive', 'Authorization': 'Bearer eyJhbGciOiJIUzI1NiIsInR5cCI6IkpXVCJ9.eyJzdWIiOiJhZG1pbkBhbGVydG8uY29tIiwibmFtZSI6IkFkbWluaXN0cmFkb3IiLCJleHAiOjE3Nzk5NTgzNDR9.U_QOhBTGbJTlqRQ_PbXXT5dMr04Zkx1ng4fGqs1WK94'} 
 body=None 
 </msg>
<msg time="2026-05-27T03:52:24.830894" level="INFO">GET Response : url=http://localhost:8000/api/precipitation/history?limit=24 
 status=200, reason=OK 
 headers={'date': 'Wed, 27 May 2026 08:52:24 GMT', 'server': 'uvicorn', 'content-length': '10749', 'content-type': 'application/json'} 
 body=[{"time_local":"2026-06-01T23:00:00+00:00","precipitation_mm":0.0},{"time_local":"2026-06-01T22:00:00+00:00","precipitation_mm":0.0},{"time_local":"2026-06-01T21:00:00+00:00","precipitation_mm":0.0},{"time_local":"2026-06-01T20:00:00+00:00","precipitation_mm":0.0},{"time_local":"2026-06-01T19:00:00+00:00","precipitation_mm":0.1},{"time_local":"2026-06-01T18:00:00+00:00","precipitation_mm":0.1},{"time_local":"2026-06-01T17:00:00+00:00","precipitation_mm":0.1},{"time_local":"2026-06-01T16:00:00+00:00","precipitation_mm":0.1},{"time_local":"2026-06-01T15:00:00+00:00","precipitation_mm":0.1},{"time_local":"2026-06-01T14:00:00+00:00","precipitation_mm":0.1},{"time_local":"2026-06-01T13:00:00+00:00","precipitation_mm":0.0},{"time_local":"2026-06-01T12:00:00+00:00","precipitation_mm":0.0},{"time_local":"2026-06-01T11:00:00+00:00","precipitation_mm":0.0},{"time_local":"2026-06-01T10:00:00+00:00","precipitation_mm":0.0},{"time_local":"2026-06-01T09:00:00+00:00","precipitation_mm":0.0},{"time_local":"2026-06-01T08:00:00+00:00","precipitation_mm":0.0},{"time_local":"2026-06-01T07:00:00+00:00","precipitation_mm":0.0},{"time_local":"2026-06-01T06:00:00+00:00","precipitation_mm":0.0},{"time_local":"2026-06-01T05:00:00+00:00","precipitation_mm":0.0},{"time_local":"2026-06-01T04:00:00+00:00","precipitation_mm":0.0},{"time_local":"2026-06-01T03:00:00+00:00","precipitation_mm":0.0},{"time_local":"2026-06-01T02:00:00+00:00","precipitation_mm":0.0},{"time_local":"2026-06-01T01:00:00+00:00","precipitation_mm":0.0},{"time_local":"2026-06-01T00:00:00+00:00","precipitation_mm":0.0},{"time_local":"2026-05-31T23:00:00+00:00","precipitation_mm":0.0},{"time_local":"2026-05-31T22:00:00+00:00","precipitation_mm":0.0},{"time_local":"2026-05-31T21:00:00+00:00","precipitation_mm":0.0},{"time_local":"2026-05-31T20:00:00+00:00","precipitation_mm":0.0},{"time_local":"2026-05-31T19:00:00+00:00","precipitation_mm":0.0},{"time_local":"2026-05-31T18:00:00+00:00","precipitation_mm":0.0},{"time_local":"2026-05-31T17:00:00+00:00","precipitation_mm":0.0},{"time_local":"2026-05-31T16:00:00+00:00","precipitation_mm":0.0},{"time_local":"2026-05-31T15:00:00+00:00","precipitation_mm":0.0},{"time_local":"2026-05-31T14:00:00+00:00","precipitation_mm":0.0},{"time_local":"2026-05-31T13:00:00+00:00","precipitation_mm":0.0},{"time_local":"2026-05-31T12:00:00+00:00","precipitation_mm":0.0},{"time_local":"2026-05-31T11:00:00+00:00","precipitation_mm":0.0},{"time_local":"2026-05-31T10:00:00+00:00","precipitation_mm":0.0},{"time_local":"2026-05-31T09:00:00+00:00","precipitation_mm":0.0},{"time_local":"2026-05-31T08:00:00+00:00","precipitation_mm":0.0},{"time_local":"2026-05-31T07:00:00+00:00","precipitation_mm":0.1},{"time_local":"2026-05-31T06:00:00+00:00","precipitation_mm":0.1},{"time_local":"2026-05-31T05:00:00+00:00","precipitation_mm":0.1},{"time_local":"2026-05-31T04:00:00+00:00","precipitation_mm":0.2},{"time_local":"2026-05-31T03:00:00+00:00","precipitation_mm":0.2},{"time_local":"2026-05-31T02:00:00+00:00","precipitation_mm":0.2},{"time_local":"2026-05-31T01:00:00+00:00","precipitation_mm":0.3},{"time_local":"2026-05-31T00:00:00+00:00","precipitation_mm":0.3},{"time_local":"2026-05-30T23:00:00+00:00","precipitation_mm":0.3},{"time_local":"2026-05-30T22:00:00+00:00","precipitation_mm":0.0},{"time_local":"2026-05-30T21:00:00+00:00","precipitation_mm":0.0},{"time_local":"2026-05-30T20:00:00+00:00","precipitation_mm":0.0},{"time_local":"2026-05-30T19:00:00+00:00","precipitation_mm":0.7},{"time_local":"2026-05-30T18:00:00+00:00","precipitation_mm":0.7},{"time_local":"2026-05-30T17:00:00+00:00","precipitation_mm":0.7},{"time_local":"2026-05-30T16:00:00+00:00","precipitation_mm":1.6},{"time_local":"2026-05-30T15:00:00+00:00","precipitation_mm":1.6},{"time_local":"2026-05-30T14:00:00+00:00","precipitation_mm":1.6},{"time_local":"2026-05-30T13:00:00+00:00","precipitation_mm":0.1},{"time_local":"2026-05-30T12:00:00+00:00","precipitation_mm":0.1},{"time_local":"2026-05-30T11:00:00+00:00","precipitation_mm":0.1},{"time_local":"2026-05-30T10:00:00+00:00","precipitation_mm":0.4},{"time_local":"2026-05-30T09:00:00+00:00","precipitation_mm":0.4},{"time_local":"2026-05-30T08:00:00+00:00","precipitation_mm":0.4},{"time_local":"2026-05-30T07:00:00+00:00","precipitation_mm":0.1},{"time_local":"2026-05-30T06:00:00+00:00","precipitation_mm":0.1},{"time_local":"2026-05-30T05:00:00+00:00","precipitation_mm":0.1},{"time_local":"2026-05-30T04:00:00+00:00","precipitation_mm":0.0},{"time_local":"2026-05-30T03:00:00+00:00","precipitation_mm":0.0},{"time_local":"2026-05-30T02:00:00+00:00","precipitation_mm":0.0},{"time_local":"2026-05-30T01:00:00+00:00","precipitation_mm":0.0},{"time_local":"2026-05-30T00:00:00+00:00","precipitation_mm":0.0},{"time_local":"2026-05-29T23:00:00+00:00","precipitation_mm":0.0},{"time_local":"2026-05-29T22:00:00+00:00","precipitation_mm":0.7},{"time_local":"2026-05-29T21:00:00+00:00","precipitation_mm":0.7},{"time_local":"2026-05-29T20:00:00+00:00","precipitation_mm":0.7},{"time_local":"2026-05-29T19:00:00+00:00","precipitation_mm":0.3},{"time_local":"2026-05-29T18:00:00+00:00","precipitation_mm":0.6},{"time_local":"2026-05-29T17:00:00+00:00","precipitation_mm":3.5},{"time_local":"2026-05-29T16:00:00+00:00","precipitation_mm":0.5},{"time_local":"2026-05-29T15:00:00+00:00","precipitation_mm":0.7},{"time_local":"2026-05-29T14:00:00+00:00","precipitation_mm":1.2},{"time_local":"2026-05-29T13:00:00+00:00","precipitation_mm":0.5},{"time_local":"2026-05-29T12:00:00+00:00","precipitation_mm":0.2},{"time_local":"2026-05-29T11:00:00+00:00","precipitation_mm":0.2},{"time_local":"2026-05-29T10:00:00+00:00","precipitation_mm":0.1},{"time_local":"2026-05-29T09:00:00+00:00","precipitation_mm":0.0},{"time_local":"2026-05-29T08:00:00+00:00","precipitation_mm":0.0},{"time_local":"2026-05-29T07:00:00+00:00","precipitation_mm":0.0},{"time_local":"2026-05-29T06:00:00+00:00","precipitation_mm":0.0},{"time_local":"2026-05-29T05:00:00+00:00","precipitation_mm":0.1},{"time_local":"2026-05-29T04:00:00+00:00","precipitation_mm":0.1},{"time_local":"2026-05-29T03:00:00+00:00","precipitation_mm":0.2},{"time_local":"2026-05-29T02:00:00+00:00","precipitation_mm":0.1},{"time_local":"2026-05-29T01:00:00+00:00","precipitation_mm":0.0},{"time_local":"2026-05-29T00:00:00+00:00","precipitation_mm":0.0},{"time_local":"2026-05-28T23:00:00+00:00","precipitation_mm":0.0},{"time_local":"2026-05-28T22:00:00+00:00","precipitation_mm":0.0},{"time_local":"2026-05-28T21:00:00+00:00","precipitation_mm":0.2},{"time_local":"2026-05-28T20:00:00+00:00","precipitation_mm":1.5},{"time_local":"2026-05-28T19:00:00+00:00","precipitation_mm":0.5},{"time_local":"2026-05-28T18:00:00+00:00","precipitation_mm":0.1},{"time_local":"2026-05-28T17:00:00+00:00","precipitation_mm":0.3},{"time_local":"2026-05-28T16:00:00+00:00","precipitation_mm":0.4},{"time_local":"2026-05-28T15:00:00+00:00","precipitation_mm":0.3},{"time_local":"2026-05-28T14:00:00+00:00","precipitation_mm":3.1},{"time_local":"2026-05-28T13:00:00+00:00","precipitation_mm":2.7},{"time_local":"2026-05-28T12:00:00+00:00","precipitation_mm":0.3},{"time_local":"2026-05-28T11:00:00+00:00","precipitation_mm":0.1},{"time_local":"2026-05-28T10:00:00+00:00","precipitation_mm":0.0},{"time_local":"2026-05-28T09:00:00+00:00","precipitation_mm":0.0},{"time_local":"2026-05-28T08:00:00+00:00","precipitation_mm":0.0},{"time_local":"2026-05-28T07:00:00+00:00","precipitation_mm":0.0},{"time_local":"2026-05-28T06:00:00+00:00","precipitation_mm":0.0},{"time_local":"2026-05-28T05:00:00+00:00","precipitation_mm":0.0},{"time_local":"2026-05-28T04:00:00+00:00","precipitation_mm":0.0},{"time_local":"2026-05-28T03:00:00+00:00","precipitation_mm":0.0},{"time_local":"2026-05-28T02:00:00+00:00","precipitation_mm":0.0},{"time_local":"2026-05-28T01:00:00+00:00","precipitation_mm":0.0},{"time_local":"2026-05-28T00:00:00+00:00","precipitation_mm":0.0},{"time_local":"2026-05-27T23:00:00+00:00","precipitation_mm":0.1},{"time_local":"2026-05-27T22:00:00+00:00","precipitation_mm":0.1},{"time_local":"2026-05-27T21:00:00+00:00","precipitation_mm":0.0},{"time_local":"2026-05-27T20:00:00+00:00","precipitation_mm":0.0},{"time_local":"2026-05-27T19:00:00+00:00","precipitation_mm":0.0},{"time_local":"2026-05-27T18:00:00+00:00","precipitation_mm":0.2},{"time_local":"2026-05-27T17:00:00+00:00","precipitation_mm":0.1},{"time_local":"2026-05-27T16:00:00+00:00","precipitation_mm":0.2},{"time_local":"2026-05-27T15:00:00+00:00","precipitation_mm":0.1},{"time_local":"2026-05-27T14:00:00+00:00","precipitation_mm":0.0},{"time_local":"2026-05-27T13:00:00+00:00","precipitation_mm":0.0},{"time_local":"2026-05-27T12:00:00+00:00","precipitation_mm":0.0},{"time_local":"2026-05-27T11:00:00+00:00","precipitation_mm":0.1},{"time_local":"2026-05-27T10:00:00+00:00","precipitation_mm":0.0},{"time_local":"2026-05-27T09:00:00+00:00","precipitation_mm":0.0},{"time_local":"2026-05-27T08:00:00+00:00","precipitation_mm":0.0},{"time_local":"2026-05-27T07:00:00+00:00","precipitation_mm":0.0},{"time_local":"2026-05-27T06:00:00+00:00","precipitation_mm":0.0},{"time_local":"2026-05-27T05:00:00+00:00","precipitation_mm":0.0},{"time_local":"2026-05-27T04:00:00+00:00","precipitation_mm":0.0},{"time_local":"2026-05-27T03:00:00+00:00","precipitation_mm":0.0},{"time_local":"2026-05-27T02:00:00+00:00","precipitation_mm":0.0},{"time_local":"2026-05-27T01:00:00+00:00","precipitation_mm":0.0},{"time_local":"2026-05-27T00:00:00+00:00","precipitation_mm":0.0},{"time_local":"2026-05-26T23:00:00+00:00","precipitation_mm":0.0},{"time_local":"2026-05-26T22:00:00+00:00","precipitation_mm":0.1},{"time_local":"2026-05-26T21:00:00+00:00","precipitation_mm":0.0},{"time_local":"2026-05-26T20:00:00+00:00","precipitation_mm":0.0},{"time_local":"2026-05-26T19:00:00+00:00","precipitation_mm":0.0},{"time_local":"2026-05-26T18:00:00+00:00","precipitation_mm":0.0},{"time_local":"2026-05-26T17:00:00+00:00","precipitation_mm":0.0},{"time_local":"2026-05-26T16:00:0... (set the log level to DEBUG or TRACE to see the full content) 
 </msg>
<msg time="2026-05-27T03:52:24.831002" level="INFO">${resp} = &lt;Response [200]&gt;</msg>
<var>${resp}</var>
<arg>api</arg>
<arg>${endpoint}</arg>
<arg>headers=${headers}</arg>
<arg>params=${params}</arg>
<arg>expected_status=any</arg>
<doc>Sends a GET request on a previously created HTTP Session.</doc>
<status status="PASS" start="2026-05-27T03:52:24.826743" elapsed="0.004274"/>
</kw>
<status status="PASS" start="2026-05-27T03:52:24.826701" elapsed="0.004349"/>
</branch>
<status status="PASS" start="2026-05-27T03:52:24.826535" elapsed="0.004532"/>
</if>
<return>
<value>${resp}</value>
<status status="PASS" start="2026-05-27T03:52:24.831097" elapsed="0.000025"/>
</return>
<msg time="2026-05-27T03:52:24.831190" level="INFO">${resp} = &lt;Response [200]&gt;</msg>
<var>${resp}</var>
<arg>/api/precipitation/history</arg>
<arg>${SUITE_TOKEN}</arg>
<arg>params=limit=24</arg>
<doc>Ejecuta GET con Bearer token, retorna response</doc>
<status status="PASS" start="2026-05-27T03:52:24.826207" elapsed="0.004995"/>
</kw>
<kw name="Response Should Have Status" owner="api_keywords">
<kw name="Convert To Integer" owner="BuiltIn">
<msg time="2026-05-27T03:52:24.831513" level="INFO">${status} = 200</msg>
<var>${status}</var>
<arg>${expected_status}</arg>
<doc>Converts the given item to an integer number.</doc>
<status status="PASS" start="2026-05-27T03:52:24.831428" elapsed="0.000095"/>
</kw>
<kw name="Should Be Equal As Integers" owner="BuiltIn">
<arg>${resp.status_code}</arg>
<arg>${status}</arg>
<arg>msg=Esperaba HTTP ${expected_status}, recibió ${resp.status_code}. Body: ${resp.text}</arg>
<doc>Fails if objects are unequal after converting them to integers.</doc>
<status status="PASS" start="2026-05-27T03:52:24.831569" elapsed="0.000678"/>
</kw>
<arg>${resp}</arg>
<arg>200</arg>
<status status="PASS" start="2026-05-27T03:52:24.831286" elapsed="0.000992"/>
</kw>
<kw name="Set Variable" owner="BuiltIn">
<msg time="2026-05-27T03:52:24.832672" level="INFO">${data} = [{'time_local': '2026-06-01T23:00:00+00:00', 'precipitation_mm': 0.0}, {'time_local': '2026-06-01T22:00:00+00:00', 'precipitation_mm': 0.0}, {'time_local': '2026-06-01T21:00:00+00:00', 'precipitation_...</msg>
<var>${data}</var>
<arg>${resp.json()}</arg>
<doc>Returns the given values which can then be assigned to a variables.</doc>
<status status="PASS" start="2026-05-27T03:52:24.832325" elapsed="0.000359"/>
</kw>
<kw name="Get Length" owner="BuiltIn">
<msg time="2026-05-27T03:52:24.832786" level="INFO">Length is 162.</msg>
<msg time="2026-05-27T03:52:24.832815" level="INFO">${count} = 162</msg>
<var>${count}</var>
<arg>${data}</arg>
<doc>Returns and logs the length of the given item as an integer.</doc>
<status status="PASS" start="2026-05-27T03:52:24.832736" elapsed="0.000088"/>
</kw>
<kw name="Should Be True" owner="BuiltIn">
<arg>${count} &gt; 0</arg>
<arg>msg=No hay datos históricos — pipeline no ha corrido o BD vacía</arg>
<doc>Fails if the given condition is not true.</doc>
<status status="PASS" start="2026-05-27T03:52:24.832870" elapsed="0.000098"/>
</kw>
<kw name="Get From List" owner="Collections">
<msg time="2026-05-27T03:52:24.833090" level="INFO">${first} = {'time_local': '2026-06-01T23:00:00+00:00', 'precipitation_mm': 0.0}</msg>
<var>${first}</var>
<arg>${data}</arg>
<arg>0</arg>
<doc>Returns the value specified with an ``index`` from ``list``.</doc>
<status status="PASS" start="2026-05-27T03:52:24.833020" elapsed="0.000081"/>
</kw>
<kw name="Create List" owner="BuiltIn">
<msg time="2026-05-27T03:52:24.833204" level="INFO">@{required} = [ time_local | precipitation_mm ]</msg>
<var>@{required}</var>
<arg>time_local</arg>
<arg>precipitation_mm</arg>
<doc>Returns a list containing given items.</doc>
<status status="PASS" start="2026-05-27T03:52:24.833147" elapsed="0.000066"/>
</kw>
<for flavor="IN">
<iter>
<kw name="Dictionary Should Contain Key" owner="Collections">
<arg>${first}</arg>
<arg>${field}</arg>
<doc>Fails if ``key`` is not found from ``dictionary``.</doc>
<status status="PASS" start="2026-05-27T03:52:24.833340" elapsed="0.000065"/>
</kw>
<var name="${field}">time_local</var>
<status status="PASS" start="2026-05-27T03:52:24.833305" elapsed="0.000117"/>
</iter>
<iter>
<kw name="Dictionary Should Contain Key" owner="Collections">
<arg>${first}</arg>
<arg>${field}</arg>
<doc>Fails if ``key`` is not found from ``dictionary``.</doc>
<status status="PASS" start="2026-05-27T03:52:24.833488" elapsed="0.000059"/>
</kw>
<var name="${field}">precipitation_mm</var>
<status status="PASS" start="2026-05-27T03:52:24.833457" elapsed="0.000106"/>
</iter>
<var>${field}</var>
<value>@{required}</value>
<status status="PASS" start="2026-05-27T03:52:24.833246" elapsed="0.000330"/>
</for>
<kw name="Get From Dictionary" owner="Collections">
<msg time="2026-05-27T03:52:24.833677" level="INFO">${ts1} = 2026-06-01T23:00:00+00:00</msg>
<var>${ts1}</var>
<arg>${first}</arg>
<arg>time_local</arg>
<doc>Returns a value from the given ``dictionary`` based on the given ``key``.</doc>
<status status="PASS" start="2026-05-27T03:52:24.833618" elapsed="0.000068"/>
</kw>
<kw name="Get From List" owner="Collections">
<msg time="2026-05-27T03:52:24.833785" level="INFO">${last} = {'time_local': '2026-05-26T06:24:11.477164+00:00', 'precipitation_mm': 0.3}</msg>
<var>${last}</var>
<arg>${data}</arg>
<arg>-1</arg>
<doc>Returns the value specified with an ``index`` from ``list``.</doc>
<status status="PASS" start="2026-05-27T03:52:24.833728" elapsed="0.000067"/>
</kw>
<kw name="Get From Dictionary" owner="Collections">
<msg time="2026-05-27T03:52:24.833894" level="INFO">${ts_last} = 2026-05-26T06:24:11.477164+00:00</msg>
<var>${ts_last}</var>
<arg>${last}</arg>
<arg>time_local</arg>
<doc>Returns a value from the given ``dictionary`` based on the given ``key``.</doc>
<status status="PASS" start="2026-05-27T03:52:24.833835" elapsed="0.000068"/>
</kw>
<kw name="Log" owner="BuiltIn">
<msg time="2026-05-27T03:52:24.834012" level="INFO">Rango histórico: 2026-05-26T06:24:11.477164+00:00 → 2026-06-01T23:00:00+00:00</msg>
<arg>Rango histórico: ${ts_last} → ${ts1}</arg>
<arg>level=INFO</arg>
<doc>Logs the given message with the given level.</doc>
<status status="PASS" start="2026-05-27T03:52:24.833944" elapsed="0.000085"/>
</kw>
<kw name="Log" owner="BuiltIn">
<msg time="2026-05-27T03:52:24.834123" level="INFO">✓ PostgreSQL contiene 162 registros históricos válidos</msg>
<arg>✓ PostgreSQL contiene ${count} registros históricos válidos</arg>
<arg>level=INFO</arg>
<doc>Logs the given message with the given level.</doc>
<status status="PASS" start="2026-05-27T03:52:24.834067" elapsed="0.000071"/>
</kw>
<doc>RF-002, RF-011 — Los datos pasan de bronze→silver→gold y se persisten</doc>
<tag>Alta</tag>
<tag>INT</tag>
<tag>Integración</tag>
<tag>TC-INT-002</tag>
<status status="PASS" start="2026-05-27T03:52:24.825947" elapsed="0.008238"/>
</test>
<test id="s1-t3" name="TC-INT-003 Conexión a PostgreSQL es estable y no hay pérdida de datos" line="64">
<kw name="GET Authenticated" owner="api_keywords">
<kw name="Create Dictionary" owner="BuiltIn">
<msg time="2026-05-27T03:52:24.834765" level="INFO">&amp;{headers} = { Authorization=Bearer eyJhbGciOiJIUzI1NiIsInR5cCI6IkpXVCJ9.eyJzdWIiOiJhZG1pbkBhbGVydG8uY29tIiwibmFtZSI6IkFkbWluaXN0cmFkb3IiLCJleHAiOjE3Nzk5NTgzNDR9.U_QOhBTGbJTlqRQ_PbXXT5dMr04Zkx1ng4fGqs1WK94 }</msg>
<var>&amp;{headers}</var>
<arg>Authorization=Bearer ${token}</arg>
<doc>Creates and returns a dictionary based on the given ``items``.</doc>
<status status="PASS" start="2026-05-27T03:52:24.834668" elapsed="0.000109"/>
</kw>
<if>
<branch type="IF" condition="$params is None">
<kw name="GET On Session" owner="RequestsLibrary">
<var>${resp}</var>
<arg>api</arg>
<arg>${endpoint}</arg>
<arg>headers=${headers}</arg>
<arg>expected_status=any</arg>
<doc>Sends a GET request on a previously created HTTP Session.</doc>
<status status="NOT RUN" start="2026-05-27T03:52:24.834896" elapsed="0.000008"/>
</kw>
<status status="NOT RUN" start="2026-05-27T03:52:24.834808" elapsed="0.000114"/>
</branch>
<branch type="ELSE">
<kw name="GET On Session" owner="RequestsLibrary">
<msg time="2026-05-27T03:52:24.838893" level="INFO">GET Request : url=http://localhost:8000/api/risk/history?limit=50 
 path_url=/api/risk/history?limit=50 
 headers={'User-Agent': 'python-requests/2.34.2', 'Accept-Encoding': 'gzip, deflate, zstd', 'Accept': '*/*', 'Connection': 'keep-alive', 'Authorization': 'Bearer eyJhbGciOiJIUzI1NiIsInR5cCI6IkpXVCJ9.eyJzdWIiOiJhZG1pbkBhbGVydG8uY29tIiwibmFtZSI6IkFkbWluaXN0cmFkb3IiLCJleHAiOjE3Nzk5NTgzNDR9.U_QOhBTGbJTlqRQ_PbXXT5dMr04Zkx1ng4fGqs1WK94'} 
 body=None 
 </msg>
<msg time="2026-05-27T03:52:24.838994" level="INFO">GET Response : url=http://localhost:8000/api/risk/history?limit=50 
 status=200, reason=OK 
 headers={'date': 'Wed, 27 May 2026 08:52:24 GMT', 'server': 'uvicorn', 'content-length': '5445', 'content-type': 'application/json'} 
 body=[{"evaluated_at":"2026-05-27T08:49:54.693981+00:00","riesgo_score":35.67,"nivel_riesgo":"AMARILLO"},{"evaluated_at":"2026-05-27T08:46:43.999056+00:00","riesgo_score":35.67,"nivel_riesgo":"AMARILLO"},{"evaluated_at":"2026-05-27T08:45:40.594845+00:00","riesgo_score":35.67,"nivel_riesgo":"AMARILLO"},{"evaluated_at":"2026-05-27T08:45:39.526517+00:00","riesgo_score":35.67,"nivel_riesgo":"AMARILLO"},{"evaluated_at":"2026-05-27T08:45:04.237781+00:00","riesgo_score":35.67,"nivel_riesgo":"AMARILLO"},{"evaluated_at":"2026-05-27T08:45:03.147039+00:00","riesgo_score":35.67,"nivel_riesgo":"AMARILLO"},{"evaluated_at":"2026-05-27T08:44:48.995170+00:00","riesgo_score":35.67,"nivel_riesgo":"AMARILLO"},{"evaluated_at":"2026-05-27T08:44:47.220142+00:00","riesgo_score":35.67,"nivel_riesgo":"AMARILLO"},{"evaluated_at":"2026-05-27T03:22:36.283141+00:00","riesgo_score":35.67,"nivel_riesgo":"AMARILLO"},{"evaluated_at":"2026-05-27T03:22:20.475614+00:00","riesgo_score":35.67,"nivel_riesgo":"AMARILLO"},{"evaluated_at":"2026-05-27T03:22:08.835455+00:00","riesgo_score":35.67,"nivel_riesgo":"AMARILLO"},{"evaluated_at":"2026-05-27T02:46:24.388703+00:00","riesgo_score":35.67,"nivel_riesgo":"AMARILLO"},{"evaluated_at":"2026-05-27T02:46:09.203761+00:00","riesgo_score":35.67,"nivel_riesgo":"AMARILLO"},{"evaluated_at":"2026-05-27T02:46:07.310914+00:00","riesgo_score":35.67,"nivel_riesgo":"AMARILLO"},{"evaluated_at":"2026-05-27T02:45:57.195770+00:00","riesgo_score":35.67,"nivel_riesgo":"AMARILLO"},{"evaluated_at":"2026-05-27T01:32:30.217716+00:00","riesgo_score":35.67,"nivel_riesgo":"AMARILLO"},{"evaluated_at":"2026-05-27T01:29:43.318620+00:00","riesgo_score":35.67,"nivel_riesgo":"AMARILLO"},{"evaluated_at":"2026-05-27T01:29:35.371158+00:00","riesgo_score":35.67,"nivel_riesgo":"AMARILLO"},{"evaluated_at":"2026-05-27T01:28:45.842710+00:00","riesgo_score":35.67,"nivel_riesgo":"AMARILLO"},{"evaluated_at":"2026-05-27T01:28:32.603252+00:00","riesgo_score":35.67,"nivel_riesgo":"AMARILLO"},{"evaluated_at":"2026-05-27T01:15:21.423552+00:00","riesgo_score":35.67,"nivel_riesgo":"AMARILLO"},{"evaluated_at":"2026-05-27T01:02:25.069359+00:00","riesgo_score":35.67,"nivel_riesgo":"AMARILLO"},{"evaluated_at":"2026-05-27T00:45:25.538078+00:00","riesgo_score":35.67,"nivel_riesgo":"AMARILLO"},{"evaluated_at":"2026-05-27T00:38:04.354120+00:00","riesgo_score":35.67,"nivel_riesgo":"AMARILLO"},{"evaluated_at":"2026-05-27T00:36:01.114910+00:00","riesgo_score":35.67,"nivel_riesgo":"AMARILLO"},{"evaluated_at":"2026-05-26T22:15:19.794617+00:00","riesgo_score":35.67,"nivel_riesgo":"AMARILLO"},{"evaluated_at":"2026-05-26T22:00:20.021922+00:00","riesgo_score":35.67,"nivel_riesgo":"AMARILLO"},{"evaluated_at":"2026-05-26T21:45:18.711238+00:00","riesgo_score":35.67,"nivel_riesgo":"AMARILLO"},{"evaluated_at":"2026-05-26T21:30:18.274250+00:00","riesgo_score":35.67,"nivel_riesgo":"AMARILLO"},{"evaluated_at":"2026-05-26T21:15:18.475074+00:00","riesgo_score":35.67,"nivel_riesgo":"AMARILLO"},{"evaluated_at":"2026-05-26T21:00:21.001662+00:00","riesgo_score":35.67,"nivel_riesgo":"AMARILLO"},{"evaluated_at":"2026-05-26T20:45:19.509455+00:00","riesgo_score":35.67,"nivel_riesgo":"AMARILLO"},{"evaluated_at":"2026-05-26T20:30:20.998231+00:00","riesgo_score":35.67,"nivel_riesgo":"AMARILLO"},{"evaluated_at":"2026-05-26T20:15:19.666687+00:00","riesgo_score":35.67,"nivel_riesgo":"AMARILLO"},{"evaluated_at":"2026-05-26T20:00:23.702427+00:00","riesgo_score":35.67,"nivel_riesgo":"AMARILLO"},{"evaluated_at":"2026-05-26T19:45:23.314060+00:00","riesgo_score":35.67,"nivel_riesgo":"AMARILLO"},{"evaluated_at":"2026-05-26T19:30:27.326591+00:00","riesgo_score":35.67,"nivel_riesgo":"AMARILLO"},{"evaluated_at":"2026-05-26T19:15:24.060476+00:00","riesgo_score":35.67,"nivel_riesgo":"AMARILLO"},{"evaluated_at":"2026-05-26T19:00:25.665545+00:00","riesgo_score":35.67,"nivel_riesgo":"AMARILLO"},{"evaluated_at":"2026-05-26T18:45:19.412919+00:00","riesgo_score":35.67,"nivel_riesgo":"AMARILLO"},{"evaluated_at":"2026-05-26T18:42:59.295940+00:00","riesgo_score":35.67,"nivel_riesgo":"AMARILLO"},{"evaluated_at":"2026-05-26T18:40:59.944505+00:00","riesgo_score":35.67,"nivel_riesgo":"AMARILLO"},{"evaluated_at":"2026-05-26T18:40:55.979270+00:00","riesgo_score":35.67,"nivel_riesgo":"AMARILLO"},{"evaluated_at":"2026-05-26T17:45:21.389879+00:00","riesgo_score":35.67,"nivel_riesgo":"AMARILLO"},{"evaluated_at":"2026-05-26T17:30:19.112951+00:00","riesgo_score":35.67,"nivel_riesgo":"AMARILLO"},{"evaluated_at":"2026-05-26T17:15:21.009534+00:00","riesgo_score":35.67,"nivel_riesgo":"AMARILLO"},{"evaluated_at":"2026-05-26T17:00:22.881747+00:00","riesgo_score":35.67,"nivel_riesgo":"AMARILLO"},{"evaluated_at":"2026-05-26T16:45:21.700270+00:00","riesgo_score":35.67,"nivel_riesgo":"AMARILLO"},{"evaluated_at":"2026-05-26T16:30:20.038657+00:00","riesgo_score":35.67,"nivel_riesgo":"AMARILLO"},{"evaluated_at":"2026-05-26T16:15:21.850761+00:00","riesgo_score":35.67,"nivel_riesgo":"AMARILLO"},{"evaluated_at":"2026-05-26T16:00:20.722205+00:00","riesgo_score":35.67,"nivel_riesgo":"AMARILLO"},{"evaluated_at":"2026-05-26T15:45:20.618936+00:00","riesgo_score":35.67,"nivel_riesgo":"AMARILLO"},{"evaluated_at":"2026-05-26T15:30:21.595745+00:00","riesgo_score":35.67,"nivel_riesgo":"AMARILLO"},{"evaluated_at":"2026-05-26T15:15:22.557473+00:00","riesgo_score":35.67,"nivel_riesgo":"AMARILLO"},{"evaluated_at":"2026-05-26T13:25:09.806870+00:00","riesgo_score":60.66,"nivel_riesgo":"NARANJA"}] 
 </msg>
<msg time="2026-05-27T03:52:24.839175" level="INFO">${resp} = &lt;Response [200]&gt;</msg>
<var>${resp}</var>
<arg>api</arg>
<arg>${endpoint}</arg>
<arg>headers=${headers}</arg>
<arg>params=${params}</arg>
<arg>expected_status=any</arg>
<doc>Sends a GET request on a previously created HTTP Session.</doc>
<status status="PASS" start="2026-05-27T03:52:24.834985" elapsed="0.004223"/>
</kw>
<status status="PASS" start="2026-05-27T03:52:24.834948" elapsed="0.004354"/>
</branch>
<status status="PASS" start="2026-05-27T03:52:24.834801" elapsed="0.004538"/>
</if>
<return>
<value>${resp}</value>
<status status="PASS" start="2026-05-27T03:52:24.839374" elapsed="0.000026"/>
</return>
<msg time="2026-05-27T03:52:24.839490" level="INFO">${resp1} = &lt;Response [200]&gt;</msg>
<var>${resp1}</var>
<arg>/api/risk/history</arg>
<arg>${SUITE_TOKEN}</arg>
<arg>params=limit=50</arg>
<doc>Ejecuta GET con Bearer token, retorna response</doc>
<status status="PASS" start="2026-05-27T03:52:24.834530" elapsed="0.004973"/>
</kw>
<kw name="Response Should Have Status" owner="api_keywords">
<kw name="Convert To Integer" owner="BuiltIn">
<msg time="2026-05-27T03:52:24.839868" level="INFO">${status} = 200</msg>
<var>${status}</var>
<arg>${expected_status}</arg>
<doc>Converts the given item to an integer number.</doc>
<status status="PASS" start="2026-05-27T03:52:24.839777" elapsed="0.000101"/>
</kw>
<kw name="Should Be Equal As Integers" owner="BuiltIn">
<arg>${resp.status_code}</arg>
<arg>${status}</arg>
<arg>msg=Esperaba HTTP ${expected_status}, recibió ${resp.status_code}. Body: ${resp.text}</arg>
<doc>Fails if objects are unequal after converting them to integers.</doc>
<status status="PASS" start="2026-05-27T03:52:24.839924" elapsed="0.000641"/>
</kw>
<arg>${resp1}</arg>
<arg>200</arg>
<status status="PASS" start="2026-05-27T03:52:24.839609" elapsed="0.000987"/>
</kw>
<kw name="Get Length" owner="BuiltIn">
<msg time="2026-05-27T03:52:24.840868" level="INFO">Length is 55.</msg>
<msg time="2026-05-27T03:52:24.840898" level="INFO">${count1} = 55</msg>
<var>${count1}</var>
<arg>${resp1.json()}</arg>
<doc>Returns and logs the length of the given item as an integer.</doc>
<status status="PASS" start="2026-05-27T03:52:24.840651" elapsed="0.000256"/>
</kw>
<kw name="GET Authenticated" owner="api_keywords">
<kw name="Create Dictionary" owner="BuiltIn">
<msg time="2026-05-27T03:52:24.841243" level="INFO">&amp;{headers} = { Authorization=Bearer eyJhbGciOiJIUzI1NiIsInR5cCI6IkpXVCJ9.eyJzdWIiOiJhZG1pbkBhbGVydG8uY29tIiwibmFtZSI6IkFkbWluaXN0cmFkb3IiLCJleHAiOjE3Nzk5NTgzNDR9.U_QOhBTGbJTlqRQ_PbXXT5dMr04Zkx1ng4fGqs1WK94 }</msg>
<var>&amp;{headers}</var>
<arg>Authorization=Bearer ${token}</arg>
<doc>Creates and returns a dictionary based on the given ``items``.</doc>
<status status="PASS" start="2026-05-27T03:52:24.841142" elapsed="0.000113"/>
</kw>
<if>
<branch type="IF" condition="$params is None">
<kw name="GET On Session" owner="RequestsLibrary">
<var>${resp}</var>
<arg>api</arg>
<arg>${endpoint}</arg>
<arg>headers=${headers}</arg>
<arg>expected_status=any</arg>
<doc>Sends a GET request on a previously created HTTP Session.</doc>
<status status="NOT RUN" start="2026-05-27T03:52:24.841379" elapsed="0.000008"/>
</kw>
<status status="NOT RUN" start="2026-05-27T03:52:24.841289" elapsed="0.000117"/>
</branch>
<branch type="ELSE">
<kw name="GET On Session" owner="RequestsLibrary">
<msg time="2026-05-27T03:52:24.844358" level="INFO">GET Request : url=http://localhost:8000/api/risk/history?limit=50 
 path_url=/api/risk/history?limit=50 
 headers={'User-Agent': 'python-requests/2.34.2', 'Accept-Encoding': 'gzip, deflate, zstd', 'Accept': '*/*', 'Connection': 'keep-alive', 'Authorization': 'Bearer eyJhbGciOiJIUzI1NiIsInR5cCI6IkpXVCJ9.eyJzdWIiOiJhZG1pbkBhbGVydG8uY29tIiwibmFtZSI6IkFkbWluaXN0cmFkb3IiLCJleHAiOjE3Nzk5NTgzNDR9.U_QOhBTGbJTlqRQ_PbXXT5dMr04Zkx1ng4fGqs1WK94'} 
 body=None 
 </msg>
<msg time="2026-05-27T03:52:24.844399" level="INFO">GET Response : url=http://localhost:8000/api/risk/history?limit=50 
 status=200, reason=OK 
 headers={'date': 'Wed, 27 May 2026 08:52:24 GMT', 'server': 'uvicorn', 'content-length': '5445', 'content-type': 'application/json'} 
 body=[{"evaluated_at":"2026-05-27T08:49:54.693981+00:00","riesgo_score":35.67,"nivel_riesgo":"AMARILLO"},{"evaluated_at":"2026-05-27T08:46:43.999056+00:00","riesgo_score":35.67,"nivel_riesgo":"AMARILLO"},{"evaluated_at":"2026-05-27T08:45:40.594845+00:00","riesgo_score":35.67,"nivel_riesgo":"AMARILLO"},{"evaluated_at":"2026-05-27T08:45:39.526517+00:00","riesgo_score":35.67,"nivel_riesgo":"AMARILLO"},{"evaluated_at":"2026-05-27T08:45:04.237781+00:00","riesgo_score":35.67,"nivel_riesgo":"AMARILLO"},{"evaluated_at":"2026-05-27T08:45:03.147039+00:00","riesgo_score":35.67,"nivel_riesgo":"AMARILLO"},{"evaluated_at":"2026-05-27T08:44:48.995170+00:00","riesgo_score":35.67,"nivel_riesgo":"AMARILLO"},{"evaluated_at":"2026-05-27T08:44:47.220142+00:00","riesgo_score":35.67,"nivel_riesgo":"AMARILLO"},{"evaluated_at":"2026-05-27T03:22:36.283141+00:00","riesgo_score":35.67,"nivel_riesgo":"AMARILLO"},{"evaluated_at":"2026-05-27T03:22:20.475614+00:00","riesgo_score":35.67,"nivel_riesgo":"AMARILLO"},{"evaluated_at":"2026-05-27T03:22:08.835455+00:00","riesgo_score":35.67,"nivel_riesgo":"AMARILLO"},{"evaluated_at":"2026-05-27T02:46:24.388703+00:00","riesgo_score":35.67,"nivel_riesgo":"AMARILLO"},{"evaluated_at":"2026-05-27T02:46:09.203761+00:00","riesgo_score":35.67,"nivel_riesgo":"AMARILLO"},{"evaluated_at":"2026-05-27T02:46:07.310914+00:00","riesgo_score":35.67,"nivel_riesgo":"AMARILLO"},{"evaluated_at":"2026-05-27T02:45:57.195770+00:00","riesgo_score":35.67,"nivel_riesgo":"AMARILLO"},{"evaluated_at":"2026-05-27T01:32:30.217716+00:00","riesgo_score":35.67,"nivel_riesgo":"AMARILLO"},{"evaluated_at":"2026-05-27T01:29:43.318620+00:00","riesgo_score":35.67,"nivel_riesgo":"AMARILLO"},{"evaluated_at":"2026-05-27T01:29:35.371158+00:00","riesgo_score":35.67,"nivel_riesgo":"AMARILLO"},{"evaluated_at":"2026-05-27T01:28:45.842710+00:00","riesgo_score":35.67,"nivel_riesgo":"AMARILLO"},{"evaluated_at":"2026-05-27T01:28:32.603252+00:00","riesgo_score":35.67,"nivel_riesgo":"AMARILLO"},{"evaluated_at":"2026-05-27T01:15:21.423552+00:00","riesgo_score":35.67,"nivel_riesgo":"AMARILLO"},{"evaluated_at":"2026-05-27T01:02:25.069359+00:00","riesgo_score":35.67,"nivel_riesgo":"AMARILLO"},{"evaluated_at":"2026-05-27T00:45:25.538078+00:00","riesgo_score":35.67,"nivel_riesgo":"AMARILLO"},{"evaluated_at":"2026-05-27T00:38:04.354120+00:00","riesgo_score":35.67,"nivel_riesgo":"AMARILLO"},{"evaluated_at":"2026-05-27T00:36:01.114910+00:00","riesgo_score":35.67,"nivel_riesgo":"AMARILLO"},{"evaluated_at":"2026-05-26T22:15:19.794617+00:00","riesgo_score":35.67,"nivel_riesgo":"AMARILLO"},{"evaluated_at":"2026-05-26T22:00:20.021922+00:00","riesgo_score":35.67,"nivel_riesgo":"AMARILLO"},{"evaluated_at":"2026-05-26T21:45:18.711238+00:00","riesgo_score":35.67,"nivel_riesgo":"AMARILLO"},{"evaluated_at":"2026-05-26T21:30:18.274250+00:00","riesgo_score":35.67,"nivel_riesgo":"AMARILLO"},{"evaluated_at":"2026-05-26T21:15:18.475074+00:00","riesgo_score":35.67,"nivel_riesgo":"AMARILLO"},{"evaluated_at":"2026-05-26T21:00:21.001662+00:00","riesgo_score":35.67,"nivel_riesgo":"AMARILLO"},{"evaluated_at":"2026-05-26T20:45:19.509455+00:00","riesgo_score":35.67,"nivel_riesgo":"AMARILLO"},{"evaluated_at":"2026-05-26T20:30:20.998231+00:00","riesgo_score":35.67,"nivel_riesgo":"AMARILLO"},{"evaluated_at":"2026-05-26T20:15:19.666687+00:00","riesgo_score":35.67,"nivel_riesgo":"AMARILLO"},{"evaluated_at":"2026-05-26T20:00:23.702427+00:00","riesgo_score":35.67,"nivel_riesgo":"AMARILLO"},{"evaluated_at":"2026-05-26T19:45:23.314060+00:00","riesgo_score":35.67,"nivel_riesgo":"AMARILLO"},{"evaluated_at":"2026-05-26T19:30:27.326591+00:00","riesgo_score":35.67,"nivel_riesgo":"AMARILLO"},{"evaluated_at":"2026-05-26T19:15:24.060476+00:00","riesgo_score":35.67,"nivel_riesgo":"AMARILLO"},{"evaluated_at":"2026-05-26T19:00:25.665545+00:00","riesgo_score":35.67,"nivel_riesgo":"AMARILLO"},{"evaluated_at":"2026-05-26T18:45:19.412919+00:00","riesgo_score":35.67,"nivel_riesgo":"AMARILLO"},{"evaluated_at":"2026-05-26T18:42:59.295940+00:00","riesgo_score":35.67,"nivel_riesgo":"AMARILLO"},{"evaluated_at":"2026-05-26T18:40:59.944505+00:00","riesgo_score":35.67,"nivel_riesgo":"AMARILLO"},{"evaluated_at":"2026-05-26T18:40:55.979270+00:00","riesgo_score":35.67,"nivel_riesgo":"AMARILLO"},{"evaluated_at":"2026-05-26T17:45:21.389879+00:00","riesgo_score":35.67,"nivel_riesgo":"AMARILLO"},{"evaluated_at":"2026-05-26T17:30:19.112951+00:00","riesgo_score":35.67,"nivel_riesgo":"AMARILLO"},{"evaluated_at":"2026-05-26T17:15:21.009534+00:00","riesgo_score":35.67,"nivel_riesgo":"AMARILLO"},{"evaluated_at":"2026-05-26T17:00:22.881747+00:00","riesgo_score":35.67,"nivel_riesgo":"AMARILLO"},{"evaluated_at":"2026-05-26T16:45:21.700270+00:00","riesgo_score":35.67,"nivel_riesgo":"AMARILLO"},{"evaluated_at":"2026-05-26T16:30:20.038657+00:00","riesgo_score":35.67,"nivel_riesgo":"AMARILLO"},{"evaluated_at":"2026-05-26T16:15:21.850761+00:00","riesgo_score":35.67,"nivel_riesgo":"AMARILLO"},{"evaluated_at":"2026-05-26T16:00:20.722205+00:00","riesgo_score":35.67,"nivel_riesgo":"AMARILLO"},{"evaluated_at":"2026-05-26T15:45:20.618936+00:00","riesgo_score":35.67,"nivel_riesgo":"AMARILLO"},{"evaluated_at":"2026-05-26T15:30:21.595745+00:00","riesgo_score":35.67,"nivel_riesgo":"AMARILLO"},{"evaluated_at":"2026-05-26T15:15:22.557473+00:00","riesgo_score":35.67,"nivel_riesgo":"AMARILLO"},{"evaluated_at":"2026-05-26T13:25:09.806870+00:00","riesgo_score":60.66,"nivel_riesgo":"NARANJA"}] 
 </msg>
<msg time="2026-05-27T03:52:24.844466" level="INFO">${resp} = &lt;Response [200]&gt;</msg>
<var>${resp}</var>
<arg>api</arg>
<arg>${endpoint}</arg>
<arg>headers=${headers}</arg>
<arg>params=${params}</arg>
<arg>expected_status=any</arg>
<doc>Sends a GET request on a previously created HTTP Session.</doc>
<status status="PASS" start="2026-05-27T03:52:24.841455" elapsed="0.003022"/>
</kw>
<status status="PASS" start="2026-05-27T03:52:24.841417" elapsed="0.003095"/>
</branch>
<status status="PASS" start="2026-05-27T03:52:24.841281" elapsed="0.003246"/>
</if>
<return>
<value>${resp}</value>
<status status="PASS" start="2026-05-27T03:52:24.844551" elapsed="0.000022"/>
</return>
<msg time="2026-05-27T03:52:24.844637" level="INFO">${resp2} = &lt;Response [200]&gt;</msg>
<var>${resp2}</var>
<arg>/api/risk/history</arg>
<arg>${SUITE_TOKEN}</arg>
<arg>params=limit=50</arg>
<doc>Ejecuta GET con Bearer token, retorna response</doc>
<status status="PASS" start="2026-05-27T03:52:24.841000" elapsed="0.003647"/>
</kw>
<kw name="Response Should Have Status" owner="api_keywords">
<kw name="Convert To Integer" owner="BuiltIn">
<msg time="2026-05-27T03:52:24.844946" level="INFO">${status} = 200</msg>
<var>${status}</var>
<arg>${expected_status}</arg>
<doc>Converts the given item to an integer number.</doc>
<status status="PASS" start="2026-05-27T03:52:24.844866" elapsed="0.000089"/>
</kw>
<kw name="Should Be Equal As Integers" owner="BuiltIn">
<arg>${resp.status_code}</arg>
<arg>${status}</arg>
<arg>msg=Esperaba HTTP ${expected_status}, recibió ${resp.status_code}. Body: ${resp.text}</arg>
<doc>Fails if objects are unequal after converting them to integers.</doc>
<status status="PASS" start="2026-05-27T03:52:24.844999" elapsed="0.000598"/>
</kw>
<arg>${resp2}</arg>
<arg>200</arg>
<status status="PASS" start="2026-05-27T03:52:24.844729" elapsed="0.000900"/>
</kw>
<kw name="Get Length" owner="BuiltIn">
<msg time="2026-05-27T03:52:24.845881" level="INFO">Length is 55.</msg>
<msg time="2026-05-27T03:52:24.845911" level="INFO">${count2} = 55</msg>
<var>${count2}</var>
<arg>${resp2.json()}</arg>
<doc>Returns and logs the length of the given item as an integer.</doc>
<status status="PASS" start="2026-05-27T03:52:24.845672" elapsed="0.000247"/>
</kw>
<kw name="Should Be Equal As Integers" owner="BuiltIn">
<arg>${count1}</arg>
<arg>${count2}</arg>
<arg>msg=Inconsistencia en BD: primera lectura=${count1}, segunda=${count2}</arg>
<doc>Fails if objects are unequal after converting them to integers.</doc>
<status status="PASS" start="2026-05-27T03:52:24.845962" elapsed="0.000100"/>
</kw>
<kw name="GET Authenticated" owner="api_keywords">
<kw name="Create Dictionary" owner="BuiltIn">
<msg time="2026-05-27T03:52:24.846374" level="INFO">&amp;{headers} = { Authorization=Bearer eyJhbGciOiJIUzI1NiIsInR5cCI6IkpXVCJ9.eyJzdWIiOiJhZG1pbkBhbGVydG8uY29tIiwibmFtZSI6IkFkbWluaXN0cmFkb3IiLCJleHAiOjE3Nzk5NTgzNDR9.U_QOhBTGbJTlqRQ_PbXXT5dMr04Zkx1ng4fGqs1WK94 }</msg>
<var>&amp;{headers}</var>
<arg>Authorization=Bearer ${token}</arg>
<doc>Creates and returns a dictionary based on the given ``items``.</doc>
<status status="PASS" start="2026-05-27T03:52:24.846280" elapsed="0.000106"/>
</kw>
<if>
<branch type="IF" condition="$params is None">
<kw name="GET On Session" owner="RequestsLibrary">
<msg time="2026-05-27T03:52:24.896726" level="INFO">GET Request : url=http://localhost:8000/api/risk/current 
 path_url=/api/risk/current 
 headers={'User-Agent': 'python-requests/2.34.2', 'Accept-Encoding': 'gzip, deflate, zstd', 'Accept': '*/*', 'Connection': 'keep-alive', 'Authorization': 'Bearer eyJhbGciOiJIUzI1NiIsInR5cCI6IkpXVCJ9.eyJzdWIiOiJhZG1pbkBhbGVydG8uY29tIiwibmFtZSI6IkFkbWluaXN0cmFkb3IiLCJleHAiOjE3Nzk5NTgzNDR9.U_QOhBTGbJTlqRQ_PbXXT5dMr04Zkx1ng4fGqs1WK94'} 
 body=None 
 </msg>
<msg time="2026-05-27T03:52:24.896790" level="INFO">GET Response : url=http://localhost:8000/api/risk/current 
 status=200, reason=OK 
 headers={'date': 'Wed, 27 May 2026 08:52:24 GMT', 'server': 'uvicorn', 'content-length': '120', 'content-type': 'application/json'} 
 body={"nivel_riesgo":"AMARILLO","riesgo_score":35.67,"nivel_lluvia":0.1556,"evaluated_at":"2026-05-27T08:49:54.693981+00:00"} 
 </msg>
<msg time="2026-05-27T03:52:24.896933" level="INFO">${resp} = &lt;Response [200]&gt;</msg>
<var>${resp}</var>
<arg>api</arg>
<arg>${endpoint}</arg>
<arg>headers=${headers}</arg>
<arg>expected_status=any</arg>
<doc>Sends a GET request on a previously created HTTP Session.</doc>
<status status="PASS" start="2026-05-27T03:52:24.846502" elapsed="0.050494"/>
</kw>
<status status="PASS" start="2026-05-27T03:52:24.846418" elapsed="0.050674"/>
</branch>
<branch type="ELSE">
<kw name="GET On Session" owner="RequestsLibrary">
<var>${resp}</var>
<arg>api</arg>
<arg>${endpoint}</arg>
<arg>headers=${headers}</arg>
<arg>params=${params}</arg>
<arg>expected_status=any</arg>
<doc>Sends a GET request on a previously created HTTP Session.</doc>
<status status="NOT RUN" start="2026-05-27T03:52:24.897233" elapsed="0.000013"/>
</kw>
<status status="NOT RUN" start="2026-05-27T03:52:24.897121" elapsed="0.000147"/>
</branch>
<status status="PASS" start="2026-05-27T03:52:24.846410" elapsed="0.050870"/>
</if>
<return>
<value>${resp}</value>
<status status="PASS" start="2026-05-27T03:52:24.897343" elapsed="0.000040"/>
</return>
<msg time="2026-05-27T03:52:24.897494" level="INFO">${current} = &lt;Response [200]&gt;</msg>
<var>${current}</var>
<arg>/api/risk/current</arg>
<arg>${SUITE_TOKEN}</arg>
<doc>Ejecuta GET con Bearer token, retorna response</doc>
<status status="PASS" start="2026-05-27T03:52:24.846151" elapsed="0.051356"/>
</kw>
<kw name="Skip If" owner="BuiltIn">
<arg>${current.status_code} == 404</arg>
<arg>No hay datos de riesgo aún — pipeline no ha corrido</arg>
<doc>Skips the rest of the current test if the ``condition`` is True.</doc>
<status status="PASS" start="2026-05-27T03:52:24.897578" elapsed="0.000523"/>
</kw>
<kw name="Response Should Have Status" owner="api_keywords">
<kw name="Convert To Integer" owner="BuiltIn">
<msg time="2026-05-27T03:52:24.898433" level="INFO">${status} = 200</msg>
<var>${status}</var>
<arg>${expected_status}</arg>
<doc>Converts the given item to an integer number.</doc>
<status status="PASS" start="2026-05-27T03:52:24.898333" elapsed="0.000113"/>
</kw>
<kw name="Should Be Equal As Integers" owner="BuiltIn">
<arg>${resp.status_code}</arg>
<arg>${status}</arg>
<arg>msg=Esperaba HTTP ${expected_status}, recibió ${resp.status_code}. Body: ${resp.text}</arg>
<doc>Fails if objects are unequal after converting them to integers.</doc>
<status status="PASS" start="2026-05-27T03:52:24.898497" elapsed="0.000703"/>
</kw>
<arg>${current}</arg>
<arg>200</arg>
<status status="PASS" start="2026-05-27T03:52:24.898190" elapsed="0.001047"/>
</kw>
<kw name="GET Authenticated" owner="api_keywords">
<kw name="Create Dictionary" owner="BuiltIn">
<msg time="2026-05-27T03:52:24.899629" level="INFO">&amp;{headers} = { Authorization=Bearer eyJhbGciOiJIUzI1NiIsInR5cCI6IkpXVCJ9.eyJzdWIiOiJhZG1pbkBhbGVydG8uY29tIiwibmFtZSI6IkFkbWluaXN0cmFkb3IiLCJleHAiOjE3Nzk5NTgzNDR9.U_QOhBTGbJTlqRQ_PbXXT5dMr04Zkx1ng4fGqs1WK94 }</msg>
<var>&amp;{headers}</var>
<arg>Authorization=Bearer ${token}</arg>
<doc>Creates and returns a dictionary based on the given ``items``.</doc>
<status status="PASS" start="2026-05-27T03:52:24.899510" elapsed="0.000133"/>
</kw>
<if>
<branch type="IF" condition="$params is None">
<kw name="GET On Session" owner="RequestsLibrary">
<var>${resp}</var>
<arg>api</arg>
<arg>${endpoint}</arg>
<arg>headers=${headers}</arg>
<arg>expected_status=any</arg>
<doc>Sends a GET request on a previously created HTTP Session.</doc>
<status status="NOT RUN" start="2026-05-27T03:52:24.899789" elapsed="0.000010"/>
</kw>
<status status="NOT RUN" start="2026-05-27T03:52:24.899687" elapsed="0.000132"/>
</branch>
<branch type="ELSE">
<kw name="GET On Session" owner="RequestsLibrary">
<msg time="2026-05-27T03:52:24.903376" level="INFO">GET Request : url=http://localhost:8000/api/risk/history?limit=1 
 path_url=/api/risk/history?limit=1 
 headers={'User-Agent': 'python-requests/2.34.2', 'Accept-Encoding': 'gzip, deflate, zstd', 'Accept': '*/*', 'Connection': 'keep-alive', 'Authorization': 'Bearer eyJhbGciOiJIUzI1NiIsInR5cCI6IkpXVCJ9.eyJzdWIiOiJhZG1pbkBhbGVydG8uY29tIiwibmFtZSI6IkFkbWluaXN0cmFkb3IiLCJleHAiOjE3Nzk5NTgzNDR9.U_QOhBTGbJTlqRQ_PbXXT5dMr04Zkx1ng4fGqs1WK94'} 
 body=None 
 </msg>
<msg time="2026-05-27T03:52:24.903463" level="INFO">GET Response : url=http://localhost:8000/api/risk/history?limit=1 
 status=200, reason=OK 
 headers={'date': 'Wed, 27 May 2026 08:52:24 GMT', 'server': 'uvicorn', 'content-length': '5445', 'content-type': 'application/json'} 
 body=[{"evaluated_at":"2026-05-27T08:49:54.693981+00:00","riesgo_score":35.67,"nivel_riesgo":"AMARILLO"},{"evaluated_at":"2026-05-27T08:46:43.999056+00:00","riesgo_score":35.67,"nivel_riesgo":"AMARILLO"},{"evaluated_at":"2026-05-27T08:45:40.594845+00:00","riesgo_score":35.67,"nivel_riesgo":"AMARILLO"},{"evaluated_at":"2026-05-27T08:45:39.526517+00:00","riesgo_score":35.67,"nivel_riesgo":"AMARILLO"},{"evaluated_at":"2026-05-27T08:45:04.237781+00:00","riesgo_score":35.67,"nivel_riesgo":"AMARILLO"},{"evaluated_at":"2026-05-27T08:45:03.147039+00:00","riesgo_score":35.67,"nivel_riesgo":"AMARILLO"},{"evaluated_at":"2026-05-27T08:44:48.995170+00:00","riesgo_score":35.67,"nivel_riesgo":"AMARILLO"},{"evaluated_at":"2026-05-27T08:44:47.220142+00:00","riesgo_score":35.67,"nivel_riesgo":"AMARILLO"},{"evaluated_at":"2026-05-27T03:22:36.283141+00:00","riesgo_score":35.67,"nivel_riesgo":"AMARILLO"},{"evaluated_at":"2026-05-27T03:22:20.475614+00:00","riesgo_score":35.67,"nivel_riesgo":"AMARILLO"},{"evaluated_at":"2026-05-27T03:22:08.835455+00:00","riesgo_score":35.67,"nivel_riesgo":"AMARILLO"},{"evaluated_at":"2026-05-27T02:46:24.388703+00:00","riesgo_score":35.67,"nivel_riesgo":"AMARILLO"},{"evaluated_at":"2026-05-27T02:46:09.203761+00:00","riesgo_score":35.67,"nivel_riesgo":"AMARILLO"},{"evaluated_at":"2026-05-27T02:46:07.310914+00:00","riesgo_score":35.67,"nivel_riesgo":"AMARILLO"},{"evaluated_at":"2026-05-27T02:45:57.195770+00:00","riesgo_score":35.67,"nivel_riesgo":"AMARILLO"},{"evaluated_at":"2026-05-27T01:32:30.217716+00:00","riesgo_score":35.67,"nivel_riesgo":"AMARILLO"},{"evaluated_at":"2026-05-27T01:29:43.318620+00:00","riesgo_score":35.67,"nivel_riesgo":"AMARILLO"},{"evaluated_at":"2026-05-27T01:29:35.371158+00:00","riesgo_score":35.67,"nivel_riesgo":"AMARILLO"},{"evaluated_at":"2026-05-27T01:28:45.842710+00:00","riesgo_score":35.67,"nivel_riesgo":"AMARILLO"},{"evaluated_at":"2026-05-27T01:28:32.603252+00:00","riesgo_score":35.67,"nivel_riesgo":"AMARILLO"},{"evaluated_at":"2026-05-27T01:15:21.423552+00:00","riesgo_score":35.67,"nivel_riesgo":"AMARILLO"},{"evaluated_at":"2026-05-27T01:02:25.069359+00:00","riesgo_score":35.67,"nivel_riesgo":"AMARILLO"},{"evaluated_at":"2026-05-27T00:45:25.538078+00:00","riesgo_score":35.67,"nivel_riesgo":"AMARILLO"},{"evaluated_at":"2026-05-27T00:38:04.354120+00:00","riesgo_score":35.67,"nivel_riesgo":"AMARILLO"},{"evaluated_at":"2026-05-27T00:36:01.114910+00:00","riesgo_score":35.67,"nivel_riesgo":"AMARILLO"},{"evaluated_at":"2026-05-26T22:15:19.794617+00:00","riesgo_score":35.67,"nivel_riesgo":"AMARILLO"},{"evaluated_at":"2026-05-26T22:00:20.021922+00:00","riesgo_score":35.67,"nivel_riesgo":"AMARILLO"},{"evaluated_at":"2026-05-26T21:45:18.711238+00:00","riesgo_score":35.67,"nivel_riesgo":"AMARILLO"},{"evaluated_at":"2026-05-26T21:30:18.274250+00:00","riesgo_score":35.67,"nivel_riesgo":"AMARILLO"},{"evaluated_at":"2026-05-26T21:15:18.475074+00:00","riesgo_score":35.67,"nivel_riesgo":"AMARILLO"},{"evaluated_at":"2026-05-26T21:00:21.001662+00:00","riesgo_score":35.67,"nivel_riesgo":"AMARILLO"},{"evaluated_at":"2026-05-26T20:45:19.509455+00:00","riesgo_score":35.67,"nivel_riesgo":"AMARILLO"},{"evaluated_at":"2026-05-26T20:30:20.998231+00:00","riesgo_score":35.67,"nivel_riesgo":"AMARILLO"},{"evaluated_at":"2026-05-26T20:15:19.666687+00:00","riesgo_score":35.67,"nivel_riesgo":"AMARILLO"},{"evaluated_at":"2026-05-26T20:00:23.702427+00:00","riesgo_score":35.67,"nivel_riesgo":"AMARILLO"},{"evaluated_at":"2026-05-26T19:45:23.314060+00:00","riesgo_score":35.67,"nivel_riesgo":"AMARILLO"},{"evaluated_at":"2026-05-26T19:30:27.326591+00:00","riesgo_score":35.67,"nivel_riesgo":"AMARILLO"},{"evaluated_at":"2026-05-26T19:15:24.060476+00:00","riesgo_score":35.67,"nivel_riesgo":"AMARILLO"},{"evaluated_at":"2026-05-26T19:00:25.665545+00:00","riesgo_score":35.67,"nivel_riesgo":"AMARILLO"},{"evaluated_at":"2026-05-26T18:45:19.412919+00:00","riesgo_score":35.67,"nivel_riesgo":"AMARILLO"},{"evaluated_at":"2026-05-26T18:42:59.295940+00:00","riesgo_score":35.67,"nivel_riesgo":"AMARILLO"},{"evaluated_at":"2026-05-26T18:40:59.944505+00:00","riesgo_score":35.67,"nivel_riesgo":"AMARILLO"},{"evaluated_at":"2026-05-26T18:40:55.979270+00:00","riesgo_score":35.67,"nivel_riesgo":"AMARILLO"},{"evaluated_at":"2026-05-26T17:45:21.389879+00:00","riesgo_score":35.67,"nivel_riesgo":"AMARILLO"},{"evaluated_at":"2026-05-26T17:30:19.112951+00:00","riesgo_score":35.67,"nivel_riesgo":"AMARILLO"},{"evaluated_at":"2026-05-26T17:15:21.009534+00:00","riesgo_score":35.67,"nivel_riesgo":"AMARILLO"},{"evaluated_at":"2026-05-26T17:00:22.881747+00:00","riesgo_score":35.67,"nivel_riesgo":"AMARILLO"},{"evaluated_at":"2026-05-26T16:45:21.700270+00:00","riesgo_score":35.67,"nivel_riesgo":"AMARILLO"},{"evaluated_at":"2026-05-26T16:30:20.038657+00:00","riesgo_score":35.67,"nivel_riesgo":"AMARILLO"},{"evaluated_at":"2026-05-26T16:15:21.850761+00:00","riesgo_score":35.67,"nivel_riesgo":"AMARILLO"},{"evaluated_at":"2026-05-26T16:00:20.722205+00:00","riesgo_score":35.67,"nivel_riesgo":"AMARILLO"},{"evaluated_at":"2026-05-26T15:45:20.618936+00:00","riesgo_score":35.67,"nivel_riesgo":"AMARILLO"},{"evaluated_at":"2026-05-26T15:30:21.595745+00:00","riesgo_score":35.67,"nivel_riesgo":"AMARILLO"},{"evaluated_at":"2026-05-26T15:15:22.557473+00:00","riesgo_score":35.67,"nivel_riesgo":"AMARILLO"},{"evaluated_at":"2026-05-26T13:25:09.806870+00:00","riesgo_score":60.66,"nivel_riesgo":"NARANJA"}] 
 </msg>
<msg time="2026-05-27T03:52:24.903557" level="INFO">${resp} = &lt;Response [200]&gt;</msg>
<var>${resp}</var>
<arg>api</arg>
<arg>${endpoint}</arg>
<arg>headers=${headers}</arg>
<arg>params=${params}</arg>
<arg>expected_status=any</arg>
<doc>Sends a GET request on a previously created HTTP Session.</doc>
<status status="PASS" start="2026-05-27T03:52:24.899873" elapsed="0.003699"/>
</kw>
<status status="PASS" start="2026-05-27T03:52:24.899831" elapsed="0.003778"/>
</branch>
<status status="PASS" start="2026-05-27T03:52:24.899677" elapsed="0.003950"/>
</if>
<return>
<value>${resp}</value>
<status status="PASS" start="2026-05-27T03:52:24.903659" elapsed="0.000026"/>
</return>
<msg time="2026-05-27T03:52:24.903756" level="INFO">${history_resp} = &lt;Response [200]&gt;</msg>
<var>${history_resp}</var>
<arg>/api/risk/history</arg>
<arg>${SUITE_TOKEN}</arg>
<arg>params=limit=1</arg>
<doc>Ejecuta GET con Bearer token, retorna response</doc>
<status status="PASS" start="2026-05-27T03:52:24.899350" elapsed="0.004418"/>
</kw>
<kw name="Response Should Have Status" owner="api_keywords">
<kw name="Convert To Integer" owner="BuiltIn">
<msg time="2026-05-27T03:52:24.904114" level="INFO">${status} = 200</msg>
<var>${status}</var>
<arg>${expected_status}</arg>
<doc>Converts the given item to an integer number.</doc>
<status status="PASS" start="2026-05-27T03:52:24.904021" elapsed="0.000105"/>
</kw>
<kw name="Should Be Equal As Integers" owner="BuiltIn">
<arg>${resp.status_code}</arg>
<arg>${status}</arg>
<arg>msg=Esperaba HTTP ${expected_status}, recibió ${resp.status_code}. Body: ${resp.text}</arg>
<doc>Fails if objects are unequal after converting them to integers.</doc>
<status status="PASS" start="2026-05-27T03:52:24.904175" elapsed="0.000692"/>
</kw>
<arg>${history_resp}</arg>
<arg>200</arg>
<status status="PASS" start="2026-05-27T03:52:24.903863" elapsed="0.001040"/>
</kw>
<kw name="Set Variable" owner="BuiltIn">
<msg time="2026-05-27T03:52:24.905241" level="INFO">${hist_list} = [{'evaluated_at': '2026-05-27T08:49:54.693981+00:00', 'riesgo_score': 35.67, 'nivel_riesgo': 'AMARILLO'}, {'evaluated_at': '2026-05-27T08:46:43.999056+00:00', 'riesgo_score': 35.67, 'nivel_riesgo': 'A...</msg>
<var>${hist_list}</var>
<arg>${history_resp.json()}</arg>
<doc>Returns the given values which can then be assigned to a variables.</doc>
<status status="PASS" start="2026-05-27T03:52:24.904954" elapsed="0.000300"/>
</kw>
<if>
<branch type="IF" condition="len(${hist_list}) &gt; 0">
<kw name="Get From List" owner="Collections">
<msg time="2026-05-27T03:52:24.905838" level="INFO">${latest_hist} = {'evaluated_at': '2026-05-27T08:49:54.693981+00:00', 'riesgo_score': 35.67, 'nivel_riesgo': 'AMARILLO'}</msg>
<var>${latest_hist}</var>
<arg>${hist_list}</arg>
<arg>0</arg>
<doc>Returns the value specified with an ``index`` from ``list``.</doc>
<status status="PASS" start="2026-05-27T03:52:24.905762" elapsed="0.000088"/>
</kw>
<kw name="Get From Dictionary" owner="Collections">
<msg time="2026-05-27T03:52:24.905971" level="INFO">${hist_nivel} = AMARILLO</msg>
<var>${hist_nivel}</var>
<arg>${latest_hist}</arg>
<arg>nivel_riesgo</arg>
<doc>Returns a value from the given ``dictionary`` based on the given ``key``.</doc>
<status status="PASS" start="2026-05-27T03:52:24.905900" elapsed="0.000082"/>
</kw>
<kw name="Get From Dictionary" owner="Collections">
<msg time="2026-05-27T03:52:24.906268" level="INFO">${curr_nivel} = AMARILLO</msg>
<var>${curr_nivel}</var>
<arg>${current.json()}</arg>
<arg>nivel_riesgo</arg>
<doc>Returns a value from the given ``dictionary`` based on the given ``key``.</doc>
<status status="PASS" start="2026-05-27T03:52:24.906030" elapsed="0.000249"/>
</kw>
<kw name="Evaluate" owner="BuiltIn">
<msg time="2026-05-27T03:52:24.906443" level="INFO">${consistent} = True</msg>
<var>${consistent}</var>
<arg>'${curr_nivel}' == '${hist_nivel}'</arg>
<doc>Evaluates the given expression in Python and returns the result.</doc>
<status status="PASS" start="2026-05-27T03:52:24.906329" elapsed="0.000125"/>
</kw>
<if>
<branch type="IF" condition="${consistent}">
<kw name="Log" owner="BuiltIn">
<msg time="2026-05-27T03:52:24.906621" level="INFO">✓ Consistencia BD: current == history[0] == AMARILLO</msg>
<arg>✓ Consistencia BD: current == history[0] == ${curr_nivel}</arg>
<arg>level=INFO</arg>
<doc>Logs the given message with the given level.</doc>
<status status="PASS" start="2026-05-27T03:52:24.906545" elapsed="0.000096"/>
</kw>
<status status="PASS" start="2026-05-27T03:52:24.906488" elapsed="0.000171"/>
</branch>
<branch type="ELSE">
<kw name="Log" owner="BuiltIn">
<arg>INFO: current=${curr_nivel} vs history[0]=${hist_nivel} — puede deberse a simulaciones en curso</arg>
<arg>level=WARN</arg>
<doc>Logs the given message with the given level.</doc>
<status status="NOT RUN" start="2026-05-27T03:52:24.906714" elapsed="0.000008"/>
</kw>
<status status="NOT RUN" start="2026-05-27T03:52:24.906671" elapsed="0.000067"/>
</branch>
<status status="PASS" start="2026-05-27T03:52:24.906480" elapsed="0.000268"/>
</if>
<status status="PASS" start="2026-05-27T03:52:24.905302" elapsed="0.001457"/>
</branch>
<status status="PASS" start="2026-05-27T03:52:24.905293" elapsed="0.001474"/>
</if>
<kw name="Log" owner="BuiltIn">
<msg time="2026-05-27T03:52:24.906872" level="INFO">✓ PostgreSQL estable: 55 registros consistentes</msg>
<arg>✓ PostgreSQL estable: ${count1} registros consistentes</arg>
<arg>level=INFO</arg>
<doc>Logs the given message with the given level.</doc>
<status status="PASS" start="2026-05-27T03:52:24.906805" elapsed="0.000085"/>
</kw>
<doc>RF-004 — La BD mantiene integridad bajo operaciones sucesivas</doc>
<tag>Alta</tag>
<tag>INT</tag>
<tag>Integración</tag>
<tag>TC-INT-003</tag>
<status status="PASS" start="2026-05-27T03:52:24.834297" elapsed="0.072643"/>
</test>
<test id="s1-t4" name="TC-INT-004 Airflow DAG weather_pipeline está activo y configurado" line="96">
<kw name="Create Session" owner="RequestsLibrary">
<msg time="2026-05-27T03:52:24.907403" level="INFO">Creating Session using : alias=airflow_int, url=http://localhost:8080, headers={},                     cookies={}, auth=None, timeout=None, proxies=None, verify=False,                     debug=0 </msg>
<arg>airflow_int</arg>
<arg>${AIRFLOW_URL}</arg>
<arg>verify=False</arg>
<arg>disable_warnings=True</arg>
<doc>Create Session: create a HTTP session to a server</doc>
<status status="PASS" start="2026-05-27T03:52:24.907277" elapsed="0.000226"/>
</kw>
<kw name="Create Dictionary" owner="BuiltIn">
<msg time="2026-05-27T03:52:24.907654" level="INFO">&amp;{headers} = { Authorization=Basic YWRtaW46YWRtaW4= }</msg>
<var>&amp;{headers}</var>
<arg>Authorization=Basic YWRtaW46YWRtaW4=</arg>
<doc>Creates and returns a dictionary based on the given ``items``.</doc>
<status status="PASS" start="2026-05-27T03:52:24.907563" elapsed="0.000102"/>
</kw>
<kw name="GET On Session" owner="RequestsLibrary">
<msg time="2026-05-27T03:52:24.968180" level="INFO">GET Request : url=http://localhost:8080/api/v1/dags/weather_pipeline 
 path_url=/api/v1/dags/weather_pipeline 
 headers={'User-Agent': 'python-requests/2.34.2', 'Accept-Encoding': 'gzip, deflate, zstd', 'Accept': '*/*', 'Connection': 'keep-alive', 'Authorization': 'Basic YWRtaW46YWRtaW4='} 
 body=None 
 </msg>
<msg time="2026-05-27T03:52:24.968241" level="INFO">GET Response : url=http://localhost:8080/api/v1/dags/weather_pipeline 
 status=200, reason=OK 
 headers={'Server': 'gunicorn', 'Date': 'Wed, 27 May 2026 08:52:24 GMT', 'Connection': 'close', 'Content-Type': 'application/json', 'Content-Length': '1175', 'X-Robots-Tag': 'noindex, nofollow'} 
 body={
  "dag_display_name": "weather_pipeline",
  "dag_id": "weather_pipeline",
  "default_view": "grid",
  "description": null,
  "file_token": "Ii9vcHQvYWlyZmxvdy9kYWdzL3dlYXRoZXJfcGlwZWxpbmUucHki.TfgCTc7abV2DtxCd2VZBY08_z_E",
  "fileloc": "/opt/airflow/dags/weather_pipeline.py",
  "has_import_errors": false,
  "has_task_concurrency_limits": false,
  "is_active": true,
  "is_paused": true,
  "is_subdag": false,
  "last_expired": null,
  "last_parsed_time": "2026-05-27T08:52:12.107127+00:00",
  "last_pickled": null,
  "max_active_runs": 16,
  "max_active_tasks": 16,
  "max_consecutive_failed_dag_runs": 0,
  "next_dagrun": "2026-05-27T08:30:00+00:00",
  "next_dagrun_create_after": "2026-05-27T08:45:00+00:00",
  "next_dagrun_data_interval_end": "2026-05-27T08:45:00+00:00",
  "next_dagrun_data_interval_start": "2026-05-27T08:30:00+00:00",
  "owners": [
    "airflow"
  ],
  "pickle_id": null,
  "root_dag_id": null,
  "schedule_interval": {
    "__type": "CronExpression",
    "value": "*/15 * * * *"
  },
  "scheduler_lock": null,
  "tags": [
    {
      "name": "weather"
    },
    {
      "name": "alerto"
    }
  ],
  "timetable_description": "Every 15 minutes"
}
 
 </msg>
<msg time="2026-05-27T03:52:24.968341" level="INFO">${resp} = &lt;Response [200]&gt;</msg>
<var>${resp}</var>
<arg>airflow_int</arg>
<arg>/api/v1/dags/weather_pipeline</arg>
<arg>headers=${headers}</arg>
<arg>expected_status=any</arg>
<doc>Sends a GET request on a previously created HTTP Session.</doc>
<status status="PASS" start="2026-05-27T03:52:24.907711" elapsed="0.060645"/>
</kw>
<kw name="Set Variable" owner="BuiltIn">
<msg time="2026-05-27T03:52:24.968806" level="INFO">${status} = 200</msg>
<var>${status}</var>
<arg>${resp.status_code}</arg>
<doc>Returns the given values which can then be assigned to a variables.</doc>
<status status="PASS" start="2026-05-27T03:52:24.968477" elapsed="0.000341"/>
</kw>
<kw name="Log" owner="BuiltIn">
<msg time="2026-05-27T03:52:24.968969" level="INFO">Airflow DAG API: HTTP 200</msg>
<arg>Airflow DAG API: HTTP ${status}</arg>
<arg>level=INFO</arg>
<doc>Logs the given message with the given level.</doc>
<status status="PASS" start="2026-05-27T03:52:24.968886" elapsed="0.000102"/>
</kw>
<if>
<branch type="IF" condition="${status} == 200">
<kw name="Set Variable" owner="BuiltIn">
<msg time="2026-05-27T03:52:24.969383" level="INFO">${dag} = {'dag_display_name': 'weather_pipeline', 'dag_id': 'weather_pipeline', 'default_view': 'grid', 'description': None, 'file_token': 'Ii9vcHQvYWlyZmxvdy9kYWdzL3dlYXRoZXJfcGlwZWxpbmUucHki.TfgCTc7abV2DtxCd...</msg>
<var>${dag}</var>
<arg>${resp.json()}</arg>
<doc>Returns the given values which can then be assigned to a variables.</doc>
<status status="PASS" start="2026-05-27T03:52:24.969121" elapsed="0.000273"/>
</kw>
<kw name="Get From Dictionary" owner="Collections">
<msg time="2026-05-27T03:52:24.969529" level="INFO">${is_paused} = True</msg>
<var>${is_paused}</var>
<arg>${dag}</arg>
<arg>is_paused</arg>
<doc>Returns a value from the given ``dictionary`` based on the given ``key``.</doc>
<status status="PASS" start="2026-05-27T03:52:24.969453" elapsed="0.000087"/>
</kw>
<kw name="Get From Dictionary" owner="Collections">
<msg time="2026-05-27T03:52:24.969658" level="INFO">${dag_id} = weather_pipeline</msg>
<var>${dag_id}</var>
<arg>${dag}</arg>
<arg>dag_id</arg>
<doc>Returns a value from the given ``dictionary`` based on the given ``key``.</doc>
<status status="PASS" start="2026-05-27T03:52:24.969588" elapsed="0.000080"/>
</kw>
<kw name="Should Be Equal As Strings" owner="BuiltIn">
<arg>${dag_id}</arg>
<arg>weather_pipeline</arg>
<doc>Fails if objects are unequal after converting them to strings.</doc>
<status status="PASS" start="2026-05-27T03:52:24.969716" elapsed="0.000074"/>
</kw>
<if>
<branch type="IF" condition="${is_paused}">
<kw name="Log" owner="BuiltIn">
<msg time="2026-05-27T03:52:24.969934" level="WARN">ADVERTENCIA: DAG weather_pipeline está pausado</msg>
<arg>ADVERTENCIA: DAG weather_pipeline está pausado</arg>
<arg>level=WARN</arg>
<doc>Logs the given message with the given level.</doc>
<status status="PASS" start="2026-05-27T03:52:24.969882" elapsed="0.000132"/>
</kw>
<status status="PASS" start="2026-05-27T03:52:24.969824" elapsed="0.000209"/>
</branch>
<branch type="ELSE">
<kw name="Log" owner="BuiltIn">
<arg>✓ DAG weather_pipeline activo (is_paused=False)</arg>
<arg>level=INFO</arg>
<doc>Logs the given message with the given level.</doc>
<status status="NOT RUN" start="2026-05-27T03:52:24.970093" elapsed="0.000008"/>
</kw>
<status status="NOT RUN" start="2026-05-27T03:52:24.970049" elapsed="0.000069"/>
</branch>
<status status="PASS" start="2026-05-27T03:52:24.969816" elapsed="0.000314"/>
</if>
<kw name="GET On Session" owner="RequestsLibrary">
<msg time="2026-05-27T03:52:24.970262" level="WARN">You might have an = symbol in url. You better place 'url=' before, example: 'url=/your-url/foo?param=a' or use '/your-url/foo  params=param=a' or escape it</msg>
<msg time="2026-05-27T03:52:24.970391" level="FAIL">TypeError: RequestsOnSessionKeywords.get_on_session() missing 1 required positional argument: 'url'</msg>
<var>${runs_resp}</var>
<arg>airflow_int</arg>
<arg>/api/v1/dags/weather_pipeline/dagRuns?limit=1</arg>
<arg>headers=${headers}</arg>
<arg>expected_status=any</arg>
<doc>Sends a GET request on a previously created HTTP Session.</doc>
<status status="FAIL" start="2026-05-27T03:52:24.970178" elapsed="0.000741">TypeError: RequestsOnSessionKeywords.get_on_session() missing 1 required positional argument: 'url'</status>
</kw>
<if>
<branch type="IF" condition="${runs_resp.status_code} == 200">
<kw name="Set Variable" owner="BuiltIn">
<var>${runs}</var>
<arg>${runs_resp.json()}</arg>
<doc>Returns the given values which can then be assigned to a variables.</doc>
<status status="NOT RUN" start="2026-05-27T03:52:24.971055" elapsed="0.000012"/>
</kw>
<kw name="Get From Dictionary" owner="Collections">
<var>${run_list}</var>
<arg>${runs}</arg>
<arg>dag_runs</arg>
<doc>Returns a value from the given ``dictionary`` based on the given ``key``.</doc>
<status status="NOT RUN" start="2026-05-27T03:52:24.971122" elapsed="0.000010"/>
</kw>
<kw name="Get Length" owner="BuiltIn">
<var>${run_count}</var>
<arg>${run_list}</arg>
<doc>Returns and logs the length of the given item as an integer.</doc>
<status status="NOT RUN" start="2026-05-27T03:52:24.971187" elapsed="0.000010"/>
</kw>
<if>
<branch type="IF" condition="${run_count} &gt; 0">
<kw name="Get From List" owner="Collections">
<var>${last_run}</var>
<arg>${run_list}</arg>
<arg>0</arg>
<doc>Returns the value specified with an ``index`` from ``list``.</doc>
<status status="NOT RUN" start="2026-05-27T03:52:24.971301" elapsed="0.000011"/>
</kw>
<kw name="Get From Dictionary" owner="Collections">
<var>${state}</var>
<arg>${last_run}</arg>
<arg>state</arg>
<doc>Returns a value from the given ``dictionary`` based on the given ``key``.</doc>
<status status="NOT RUN" start="2026-05-27T03:52:24.971363" elapsed="0.000010"/>
</kw>
<kw name="Log" owner="BuiltIn">
<arg>Última ejecución del DAG: estado=${state}</arg>
<arg>level=INFO</arg>
<doc>Logs the given message with the given level.</doc>
<status status="NOT RUN" start="2026-05-27T03:52:24.971423" elapsed="0.000009"/>
</kw>
<status status="NOT RUN" start="2026-05-27T03:52:24.971247" elapsed="0.000202"/>
</branch>
<status status="NOT RUN" start="2026-05-27T03:52:24.971227" elapsed="0.000235"/>
</if>
<status status="NOT RUN" start="2026-05-27T03:52:24.970988" elapsed="0.000486"/>
</branch>
<status status="NOT RUN" start="2026-05-27T03:52:24.970977" elapsed="0.000506"/>
</if>
<status status="FAIL" start="2026-05-27T03:52:24.969034" elapsed="0.002479">TypeError: RequestsOnSessionKeywords.get_on_session() missing 1 required positional argument: 'url'</status>
</branch>
<branch type="ELSE">
<kw name="Log" owner="BuiltIn">
<arg>Airflow API no accesible (HTTP ${status}) — verificar manualmente</arg>
<arg>level=WARN</arg>
<doc>Logs the given message with the given level.</doc>
<status status="NOT RUN" start="2026-05-27T03:52:24.971574" elapsed="0.000009"/>
</kw>
<kw name="GET Authenticated" owner="api_keywords">
<var>${data_resp}</var>
<arg>/api/risk/current</arg>
<arg>${SUITE_TOKEN}</arg>
<doc>Ejecuta GET con Bearer token, retorna response</doc>
<status status="NOT RUN" start="2026-05-27T03:52:24.971733" elapsed="0.000015"/>
</kw>
<kw name="Should Be True" owner="BuiltIn">
<arg>${data_resp.status_code} in [200, 404]</arg>
<doc>Fails if the given condition is not true.</doc>
<status status="NOT RUN" start="2026-05-27T03:52:24.971801" elapsed="0.000009"/>
</kw>
<kw name="Log" owner="BuiltIn">
<arg>✓ Evidencia indirecta: pipeline ha corrido (datos disponibles en API)</arg>
<arg>level=INFO</arg>
<doc>Logs the given message with the given level.</doc>
<status status="NOT RUN" start="2026-05-27T03:52:24.971853" elapsed="0.000009"/>
</kw>
<status status="NOT RUN" start="2026-05-27T03:52:24.971528" elapsed="0.000350"/>
</branch>
<status status="FAIL" start="2026-05-27T03:52:24.969022" elapsed="0.002869">TypeError: RequestsOnSessionKeywords.get_on_session() missing 1 required positional argument: 'url'</status>
</if>
<doc>RF-004 — El DAG existe en Airflow, tiene retries y schedule activo</doc>
<tag>INT</tag>
<tag>Integración</tag>
<tag>Media</tag>
<tag>TC-INT-004</tag>
<status status="FAIL" start="2026-05-27T03:52:24.907061" elapsed="0.064937">TypeError: RequestsOnSessionKeywords.get_on_session() missing 1 required positional argument: 'url'</status>
</test>
<kw name="Teardown Suite INT" type="TEARDOWN">
<kw name="Log" owner="BuiltIn">
<msg time="2026-05-27T03:52:24.972484" level="INFO">=== Suite INT completada ===</msg>
<arg>=== Suite INT completada ===</arg>
<arg>level=INFO</arg>
<doc>Logs the given message with the given level.</doc>
<status status="PASS" start="2026-05-27T03:52:24.972417" elapsed="0.000089"/>
</kw>
<kw name="Run Keyword And Ignore Error" owner="BuiltIn">
<kw name="Delete All Sessions" owner="RequestsLibrary">
<msg time="2026-05-27T03:52:24.972669" level="INFO">Deleting All Sessions</msg>
<doc>Removes all the session objects</doc>
<status status="PASS" start="2026-05-27T03:52:24.972636" elapsed="0.000089"/>
</kw>
<arg>Delete All Sessions</arg>
<doc>Runs the given keyword with the given arguments and ignores possible error.</doc>
<status status="PASS" start="2026-05-27T03:52:24.972559" elapsed="0.000187"/>
</kw>
<status status="PASS" start="2026-05-27T03:52:24.972323" elapsed="0.000448"/>
</kw>
<doc>MÓDULO INTEGRACIÓN — TC-INT-001 al TC-INT-004
Requisitos: RF-001, RF-002, RF-004</doc>
<status status="FAIL" start="2026-05-27T03:52:24.429355" elapsed="0.543428"/>
</suite>
<statistics>
<total>
<stat pass="3" fail="1" skip="0">All Tests</stat>
</total>
<tag>
<stat pass="3" fail="0" skip="0">Alta</stat>
<stat pass="3" fail="1" skip="0">INT</stat>
<stat pass="3" fail="1" skip="0">Integración</stat>
<stat pass="0" fail="1" skip="0">Media</stat>
<stat pass="1" fail="0" skip="0">TC-INT-001</stat>
<stat pass="1" fail="0" skip="0">TC-INT-002</stat>
<stat pass="1" fail="0" skip="0">TC-INT-003</stat>
<stat pass="0" fail="1" skip="0">TC-INT-004</stat>
</tag>
<suite>
<stat pass="3" fail="1" skip="0" id="s1" name="TC INT">TC INT</stat>
</suite>
</statistics>
<errors>
<msg time="2026-05-27T03:52:24.969934" level="WARN">ADVERTENCIA: DAG weather_pipeline está pausado</msg>
<msg time="2026-05-27T03:52:24.970262" level="WARN">You might have an = symbol in url. You better place 'url=' before, example: 'url=/your-url/foo?param=a' or use '/your-url/foo  params=param=a' or escape it</msg>
</errors>
</robot>
